{"/home/andrija/develop/vue-node-app/frontend/src/app.vue": {"path":"/home/andrija/develop/vue-node-app/frontend/src/app.vue","statementMap":{"0":{"start":{"line":25,"column":0},"end":{"line":null,"column":-1}}},"fnMap":{"0":{"name":"header","decl":{"start":{"line":24,"column":0},"end":{"line":null,"column":-1}},"loc":{"start":{"line":24,"column":0},"end":{"line":26,"column":0}}}},"branchMap":{},"s":{"0":0},"f":{"0":0},"b":{}}
,"/home/andrija/develop/vue-node-app/frontend/src/utilities.js": {"path":"/home/andrija/develop/vue-node-app/frontend/src/utilities.js","statementMap":{"0":{"start":{"line":1,"column":14},"end":{"line":181,"column":1}},"1":{"start":{"line":9,"column":2},"end":{"line":10,"column":22}},"2":{"start":{"line":10,"column":3},"end":{"line":10,"column":22}},"3":{"start":{"line":12,"column":2},"end":{"line":12,"column":62}},"4":{"start":{"line":27,"column":2},"end":{"line":34,"column":3}},"5":{"start":{"line":28,"column":3},"end":{"line":29,"column":36}},"6":{"start":{"line":29,"column":4},"end":{"line":29,"column":36}},"7":{"start":{"line":31,"column":3},"end":{"line":31,"column":78}},"8":{"start":{"line":32,"column":3},"end":{"line":32,"column":62}},"9":{"start":{"line":33,"column":3},"end":{"line":33,"column":14}},"10":{"start":{"line":42,"column":2},"end":{"line":42,"column":34}},"11":{"start":{"line":42,"column":25},"end":{"line":42,"column":32}},"12":{"start":{"line":49,"column":2},"end":{"line":53,"column":4}},"13":{"start":{"line":68,"column":2},"end":{"line":69,"column":28}},"14":{"start":{"line":69,"column":3},"end":{"line":69,"column":28}},"15":{"start":{"line":71,"column":14},"end":{"line":71,"column":16}},"16":{"start":{"line":72,"column":16},"end":{"line":72,"column":18}},"17":{"start":{"line":75,"column":12},"end":{"line":75,"column":27}},"18":{"start":{"line":76,"column":15},"end":{"line":76,"column":26}},"19":{"start":{"line":77,"column":15},"end":{"line":77,"column":26}},"20":{"start":{"line":78,"column":15},"end":{"line":78,"column":26}},"21":{"start":{"line":79,"column":13},"end":{"line":79,"column":22}},"22":{"start":{"line":81,"column":2},"end":{"line":87,"column":3}},"23":{"start":{"line":82,"column":3},"end":{"line":83,"column":28}},"24":{"start":{"line":83,"column":4},"end":{"line":83,"column":28}},"25":{"start":{"line":85,"column":3},"end":{"line":86,"column":28}},"26":{"start":{"line":86,"column":4},"end":{"line":86,"column":28}},"27":{"start":{"line":88,"column":2},"end":{"line":89,"column":25}},"28":{"start":{"line":89,"column":3},"end":{"line":89,"column":25}},"29":{"start":{"line":90,"column":2},"end":{"line":91,"column":27}},"30":{"start":{"line":91,"column":3},"end":{"line":91,"column":27}},"31":{"start":{"line":92,"column":2},"end":{"line":93,"column":27}},"32":{"start":{"line":93,"column":3},"end":{"line":93,"column":27}},"33":{"start":{"line":94,"column":2},"end":{"line":95,"column":23}},"34":{"start":{"line":95,"column":3},"end":{"line":95,"column":23}},"35":{"start":{"line":98,"column":2},"end":{"line":98,"column":55}},"36":{"start":{"line":99,"column":2},"end":{"line":99,"column":59}},"37":{"start":{"line":107,"column":2},"end":{"line":108,"column":28}},"38":{"start":{"line":108,"column":3},"end":{"line":108,"column":28}},"39":{"start":{"line":110,"column":14},"end":{"line":110,"column":50}},"40":{"start":{"line":111,"column":16},"end":{"line":111,"column":54}},"41":{"start":{"line":114,"column":2},"end":{"line":114,"column":78}},"42":{"start":{"line":117,"column":12},"end":{"line":117,"column":27}},"43":{"start":{"line":118,"column":15},"end":{"line":118,"column":27}},"44":{"start":{"line":119,"column":15},"end":{"line":119,"column":29}},"45":{"start":{"line":120,"column":15},"end":{"line":120,"column":29}},"46":{"start":{"line":121,"column":13},"end":{"line":121,"column":25}},"47":{"start":{"line":123,"column":2},"end":{"line":124,"column":27}},"48":{"start":{"line":124,"column":3},"end":{"line":124,"column":27}},"49":{"start":{"line":125,"column":2},"end":{"line":126,"column":27}},"50":{"start":{"line":126,"column":3},"end":{"line":126,"column":27}},"51":{"start":{"line":127,"column":2},"end":{"line":128,"column":24}},"52":{"start":{"line":128,"column":3},"end":{"line":128,"column":24}},"53":{"start":{"line":129,"column":2},"end":{"line":130,"column":24}},"54":{"start":{"line":130,"column":3},"end":{"line":130,"column":24}},"55":{"start":{"line":131,"column":2},"end":{"line":132,"column":24}},"56":{"start":{"line":132,"column":3},"end":{"line":132,"column":24}},"57":{"start":{"line":133,"column":2},"end":{"line":134,"column":20}},"58":{"start":{"line":134,"column":3},"end":{"line":134,"column":20}},"59":{"start":{"line":142,"column":2},"end":{"line":143,"column":28}},"60":{"start":{"line":143,"column":3},"end":{"line":143,"column":28}},"61":{"start":{"line":145,"column":2},"end":{"line":145,"column":25}},"62":{"start":{"line":153,"column":2},"end":{"line":156,"column":5}},"63":{"start":{"line":163,"column":2},"end":{"line":168,"column":5}},"64":{"start":{"line":164,"column":3},"end":{"line":165,"column":40}},"65":{"start":{"line":165,"column":4},"end":{"line":165,"column":40}},"66":{"start":{"line":167,"column":3},"end":{"line":167,"column":31}},"67":{"start":{"line":175,"column":2},"end":{"line":175,"column":23}},"68":{"start":{"line":176,"column":2},"end":{"line":179,"column":5}}},"fnMap":{"0":{"name":"(anonymous_0)","decl":{"start":{"line":42,"column":18},"end":{"line":42,"column":19}},"loc":{"start":{"line":42,"column":25},"end":{"line":42,"column":32}},"line":42},"1":{"name":"(anonymous_1)","decl":{"start":{"line":163,"column":38},"end":{"line":163,"column":39}},"loc":{"start":{"line":163,"column":47},"end":{"line":168,"column":3}},"line":163}},"branchMap":{"0":{"loc":{"start":{"line":8,"column":14},"end":{"line":8,"column":25}},"type":"default-arg","locations":[{"start":{"line":8,"column":21},"end":{"line":8,"column":25}}],"line":8},"1":{"loc":{"start":{"line":9,"column":2},"end":{"line":10,"column":22}},"type":"if","locations":[{"start":{"line":9,"column":2},"end":{"line":10,"column":22}},{"start":{"line":9,"column":2},"end":{"line":10,"column":22}}],"line":9},"2":{"loc":{"start":{"line":12,"column":10},"end":{"line":12,"column":48}},"type":"cond-expr","locations":[{"start":{"line":12,"column":40},"end":{"line":12,"column":43}},{"start":{"line":12,"column":46},"end":{"line":12,"column":48}}],"line":12},"3":{"loc":{"start":{"line":27,"column":2},"end":{"line":34,"column":3}},"type":"if","locations":[{"start":{"line":27,"column":2},"end":{"line":34,"column":3}},{"start":{"line":27,"column":2},"end":{"line":34,"column":3}}],"line":27},"4":{"loc":{"start":{"line":27,"column":6},"end":{"line":27,"column":78}},"type":"binary-expr","locations":[{"start":{"line":27,"column":6},"end":{"line":27,"column":39}},{"start":{"line":27,"column":43},"end":{"line":27,"column":78}}],"line":27},"5":{"loc":{"start":{"line":28,"column":3},"end":{"line":29,"column":36}},"type":"if","locations":[{"start":{"line":28,"column":3},"end":{"line":29,"column":36}},{"start":{"line":28,"column":3},"end":{"line":29,"column":36}}],"line":28},"6":{"loc":{"start":{"line":31,"column":23},"end":{"line":31,"column":77}},"type":"cond-expr","locations":[{"start":{"line":31,"column":50},"end":{"line":31,"column":61}},{"start":{"line":31,"column":64},"end":{"line":31,"column":77}}],"line":31},"7":{"loc":{"start":{"line":66,"column":10},"end":{"line":66,"column":18}},"type":"default-arg","locations":[{"start":{"line":66,"column":16},"end":{"line":66,"column":18}}],"line":66},"8":{"loc":{"start":{"line":68,"column":2},"end":{"line":69,"column":28}},"type":"if","locations":[{"start":{"line":68,"column":2},"end":{"line":69,"column":28}},{"start":{"line":68,"column":2},"end":{"line":69,"column":28}}],"line":68},"9":{"loc":{"start":{"line":81,"column":2},"end":{"line":87,"column":3}},"type":"if","locations":[{"start":{"line":81,"column":2},"end":{"line":87,"column":3}},{"start":{"line":81,"column":2},"end":{"line":87,"column":3}}],"line":81},"10":{"loc":{"start":{"line":82,"column":3},"end":{"line":83,"column":28}},"type":"if","locations":[{"start":{"line":82,"column":3},"end":{"line":83,"column":28}},{"start":{"line":82,"column":3},"end":{"line":83,"column":28}}],"line":82},"11":{"loc":{"start":{"line":85,"column":3},"end":{"line":86,"column":28}},"type":"if","locations":[{"start":{"line":85,"column":3},"end":{"line":86,"column":28}},{"start":{"line":85,"column":3},"end":{"line":86,"column":28}}],"line":85},"12":{"loc":{"start":{"line":88,"column":2},"end":{"line":89,"column":25}},"type":"if","locations":[{"start":{"line":88,"column":2},"end":{"line":89,"column":25}},{"start":{"line":88,"column":2},"end":{"line":89,"column":25}}],"line":88},"13":{"loc":{"start":{"line":90,"column":2},"end":{"line":91,"column":27}},"type":"if","locations":[{"start":{"line":90,"column":2},"end":{"line":91,"column":27}},{"start":{"line":90,"column":2},"end":{"line":91,"column":27}}],"line":90},"14":{"loc":{"start":{"line":92,"column":2},"end":{"line":93,"column":27}},"type":"if","locations":[{"start":{"line":92,"column":2},"end":{"line":93,"column":27}},{"start":{"line":92,"column":2},"end":{"line":93,"column":27}}],"line":92},"15":{"loc":{"start":{"line":94,"column":2},"end":{"line":95,"column":23}},"type":"if","locations":[{"start":{"line":94,"column":2},"end":{"line":95,"column":23}},{"start":{"line":94,"column":2},"end":{"line":95,"column":23}}],"line":94},"16":{"loc":{"start":{"line":105,"column":10},"end":{"line":105,"column":18}},"type":"default-arg","locations":[{"start":{"line":105,"column":16},"end":{"line":105,"column":18}}],"line":105},"17":{"loc":{"start":{"line":107,"column":2},"end":{"line":108,"column":28}},"type":"if","locations":[{"start":{"line":107,"column":2},"end":{"line":108,"column":28}},{"start":{"line":107,"column":2},"end":{"line":108,"column":28}}],"line":107},"18":{"loc":{"start":{"line":110,"column":14},"end":{"line":110,"column":50}},"type":"binary-expr","locations":[{"start":{"line":110,"column":14},"end":{"line":110,"column":44}},{"start":{"line":110,"column":48},"end":{"line":110,"column":50}}],"line":110},"19":{"loc":{"start":{"line":111,"column":16},"end":{"line":111,"column":54}},"type":"binary-expr","locations":[{"start":{"line":111,"column":16},"end":{"line":111,"column":48}},{"start":{"line":111,"column":52},"end":{"line":111,"column":54}}],"line":111},"20":{"loc":{"start":{"line":123,"column":2},"end":{"line":124,"column":27}},"type":"if","locations":[{"start":{"line":123,"column":2},"end":{"line":124,"column":27}},{"start":{"line":123,"column":2},"end":{"line":124,"column":27}}],"line":123},"21":{"loc":{"start":{"line":125,"column":2},"end":{"line":126,"column":27}},"type":"if","locations":[{"start":{"line":125,"column":2},"end":{"line":126,"column":27}},{"start":{"line":125,"column":2},"end":{"line":126,"column":27}}],"line":125},"22":{"loc":{"start":{"line":127,"column":2},"end":{"line":128,"column":24}},"type":"if","locations":[{"start":{"line":127,"column":2},"end":{"line":128,"column":24}},{"start":{"line":127,"column":2},"end":{"line":128,"column":24}}],"line":127},"23":{"loc":{"start":{"line":129,"column":2},"end":{"line":130,"column":24}},"type":"if","locations":[{"start":{"line":129,"column":2},"end":{"line":130,"column":24}},{"start":{"line":129,"column":2},"end":{"line":130,"column":24}}],"line":129},"24":{"loc":{"start":{"line":131,"column":2},"end":{"line":132,"column":24}},"type":"if","locations":[{"start":{"line":131,"column":2},"end":{"line":132,"column":24}},{"start":{"line":131,"column":2},"end":{"line":132,"column":24}}],"line":131},"25":{"loc":{"start":{"line":133,"column":2},"end":{"line":134,"column":20}},"type":"if","locations":[{"start":{"line":133,"column":2},"end":{"line":134,"column":20}},{"start":{"line":133,"column":2},"end":{"line":134,"column":20}}],"line":133},"26":{"loc":{"start":{"line":142,"column":2},"end":{"line":143,"column":28}},"type":"if","locations":[{"start":{"line":142,"column":2},"end":{"line":143,"column":28}},{"start":{"line":142,"column":2},"end":{"line":143,"column":28}}],"line":142},"27":{"loc":{"start":{"line":162,"column":8},"end":{"line":162,"column":22}},"type":"default-arg","locations":[{"start":{"line":162,"column":18},"end":{"line":162,"column":22}}],"line":162},"28":{"loc":{"start":{"line":164,"column":3},"end":{"line":165,"column":40}},"type":"if","locations":[{"start":{"line":164,"column":3},"end":{"line":165,"column":40}},{"start":{"line":164,"column":3},"end":{"line":165,"column":40}}],"line":164}},"s":{"0":6,"1":1,"2":1,"3":1,"4":1,"5":0,"6":0,"7":0,"8":0,"9":0,"10":0,"11":0,"12":1,"13":1,"14":1,"15":1,"16":1,"17":1,"18":1,"19":1,"20":1,"21":1,"22":1,"23":1,"24":1,"25":1,"26":1,"27":1,"28":1,"29":1,"30":0,"31":1,"32":0,"33":1,"34":0,"35":1,"36":1,"37":1,"38":1,"39":1,"40":1,"41":1,"42":1,"43":1,"44":1,"45":1,"46":1,"47":1,"48":0,"49":1,"50":0,"51":1,"52":0,"53":1,"54":0,"55":1,"56":0,"57":1,"58":0,"59":0,"60":0,"61":0,"62":0,"63":0,"64":0,"65":0,"66":0,"67":0,"68":0},"f":{"0":0,"1":0},"b":{"0":[1],"1":[1,0],"2":[0,1],"3":[0,1],"4":[1,1],"5":[0,0],"6":[0,0],"7":[1],"8":[1,0],"9":[1,0],"10":[1,0],"11":[1,0],"12":[1,0],"13":[0,1],"14":[0,1],"15":[0,1],"16":[1],"17":[1,0],"18":[1,1],"19":[1,1],"20":[0,1],"21":[0,1],"22":[0,1],"23":[0,1],"24":[0,1],"25":[0,1],"26":[0,0],"27":[0],"28":[0,0]},"_coverageSchema":"332fd63041d2c1bcb487cc26dd0d5f7d97098a6c","hash":"5446e7d238673cac802f61728b9b184832e107e7"}
,"/home/andrija/develop/vue-node-app/frontend/src/components/Alert.vue": {"path":"/home/andrija/develop/vue-node-app/frontend/src/components/Alert.vue","statementMap":{"0":{"start":{"line":24,"column":0},"end":{"line":null,"column":-1}}},"fnMap":{"0":{"name":"data","decl":{"start":{"line":23,"column":0},"end":{"line":null,"column":-1}},"loc":{"start":{"line":23,"column":0},"end":{"line":27,"column":0}}}},"branchMap":{},"s":{"0":1},"f":{"0":1},"b":{}}
,"/home/andrija/develop/vue-node-app/frontend/src/components/HelloWorld.vue": {"path":"/home/andrija/develop/vue-node-app/frontend/src/components/HelloWorld.vue","statementMap":{"0":{"start":{"line":90,"column":0},"end":{"line":null,"column":-1}}},"fnMap":{"0":{"name":"data","decl":{"start":{"line":89,"column":0},"end":{"line":null,"column":-1}},"loc":{"start":{"line":89,"column":0},"end":{"line":93,"column":0}}}},"branchMap":{},"s":{"0":1},"f":{"0":1},"b":{}}
,"/home/andrija/develop/vue-node-app/frontend/src/components/navigation.vue": {"path":"/home/andrija/develop/vue-node-app/frontend/src/components/navigation.vue","statementMap":{"0":{"start":{"line":69,"column":0},"end":{"line":null,"column":-1}},"1":{"start":{"line":73,"column":0},"end":{"line":null,"column":-1}},"2":{"start":{"line":140,"column":0},"end":{"line":null,"column":-1}},"3":{"start":{"line":144,"column":0},"end":{"line":null,"column":-1}},"4":{"start":{"line":146,"column":0},"end":{"line":null,"column":-1}}},"fnMap":{"0":{"name":"isCollapse","decl":{"start":{"line":68,"column":0},"end":{"line":null,"column":-1}},"loc":{"start":{"line":68,"column":0},"end":{"line":70,"column":0}}},"1":{"name":"data","decl":{"start":{"line":72,"column":0},"end":{"line":null,"column":-1}},"loc":{"start":{"line":72,"column":0},"end":{"line":137,"column":0}}},"2":{"name":"toggleCollapse","decl":{"start":{"line":139,"column":0},"end":{"line":null,"column":-1}},"loc":{"start":{"line":139,"column":0},"end":{"line":141,"column":0}}},"3":{"name":"selectMenu","decl":{"start":{"line":142,"column":0},"end":{"line":null,"column":-1}},"loc":{"start":{"line":142,"column":0},"end":{"line":147,"column":0}}}},"branchMap":{},"s":{"0":0,"1":0,"2":0,"3":0,"4":0},"f":{"0":0,"1":0,"2":0,"3":0},"b":{}}
,"/home/andrija/develop/vue-node-app/frontend/src/components/pagination.vue": {"path":"/home/andrija/develop/vue-node-app/frontend/src/components/pagination.vue","statementMap":{"0":{"start":{"line":38,"column":0},"end":{"line":null,"column":-1}},"1":{"start":{"line":39,"column":0},"end":{"line":null,"column":-1}},"2":{"start":{"line":42,"column":0},"end":{"line":null,"column":-1}},"3":{"start":{"line":43,"column":0},"end":{"line":null,"column":-1}},"4":{"start":{"line":46,"column":0},"end":{"line":null,"column":-1}},"5":{"start":{"line":47,"column":0},"end":{"line":null,"column":-1}},"6":{"start":{"line":50,"column":0},"end":{"line":null,"column":-1}},"7":{"start":{"line":51,"column":0},"end":{"line":null,"column":-1}},"8":{"start":{"line":54,"column":0},"end":{"line":null,"column":-1}},"9":{"start":{"line":55,"column":0},"end":{"line":null,"column":-1}},"10":{"start":{"line":59,"column":0},"end":{"line":null,"column":-1}},"11":{"start":{"line":60,"column":0},"end":{"line":null,"column":-1}}},"fnMap":{"0":{"name":"changePage","decl":{"start":{"line":37,"column":0},"end":{"line":null,"column":-1}},"loc":{"start":{"line":37,"column":0},"end":{"line":40,"column":0}}},"1":{"name":"changeLimit","decl":{"start":{"line":41,"column":0},"end":{"line":null,"column":-1}},"loc":{"start":{"line":41,"column":0},"end":{"line":48,"column":0}}},"2":{"name":"decreaseTotal","decl":{"start":{"line":49,"column":0},"end":{"line":null,"column":-1}},"loc":{"start":{"line":49,"column":0},"end":{"line":52,"column":0}}},"3":{"name":"calcPage","decl":{"start":{"line":53,"column":0},"end":{"line":null,"column":-1}},"loc":{"start":{"line":53,"column":0},"end":{"line":57,"column":0}}},"4":{"name":"update","decl":{"start":{"line":58,"column":0},"end":{"line":null,"column":-1}},"loc":{"start":{"line":58,"column":0},"end":{"line":61,"column":0}}}},"branchMap":{"0":{"loc":{"start":{"line":42,"column":0},"end":{"line":null,"column":-1}},"type":"cond-expr","locations":[{"start":{"line":42,"column":0},"end":{"line":null,"column":-1}},{"start":{"line":42,"column":0},"end":{"line":null,"column":-1}}]},"1":{"loc":{"start":{"line":43,"column":0},"end":{"line":null,"column":-1}},"type":"if","locations":[{"start":{"line":43,"column":0},"end":{"line":null,"column":-1}},{"start":{"line":43,"column":0},"end":{"line":null,"column":-1}}]},"2":{"loc":{"start":{"line":54,"column":0},"end":{"line":null,"column":-1}},"type":"binary-expr","locations":[{"start":{"line":54,"column":0},"end":{"line":null,"column":-1}},{"start":{"line":54,"column":0},"end":{"line":null,"column":-1}}]},"3":{"loc":{"start":{"line":55,"column":0},"end":{"line":null,"column":-1}},"type":"if","locations":[{"start":{"line":55,"column":0},"end":{"line":null,"column":-1}},{"start":{"line":55,"column":0},"end":{"line":null,"column":-1}}]}},"s":{"0":1,"1":1,"2":3,"3":4,"4":3,"5":3,"6":2,"7":2,"8":8,"9":9,"10":6,"11":6},"f":{"0":1,"1":3,"2":2,"3":8,"4":6},"b":{"0":[1,2],"1":[1,2],"2":[8,1],"3":[1,7]}}
,"/home/andrija/develop/vue-node-app/frontend/src/components/search-box.vue": {"path":"/home/andrija/develop/vue-node-app/frontend/src/components/search-box.vue","statementMap":{"0":{"start":{"line":13,"column":0},"end":{"line":null,"column":-1}}},"fnMap":{"0":{"name":"emit","decl":{"start":{"line":12,"column":0},"end":{"line":null,"column":-1}},"loc":{"start":{"line":12,"column":0},"end":{"line":14,"column":0}}}},"branchMap":{},"s":{"0":1},"f":{"0":1},"b":{}}
,"/home/andrija/develop/vue-node-app/frontend/src/components/headers/edit.vue": {"path":"/home/andrija/develop/vue-node-app/frontend/src/components/headers/edit.vue","statementMap":{"0":{"start":{"line":20,"column":0},"end":{"line":null,"column":-1}},"1":{"start":{"line":25,"column":0},"end":{"line":null,"column":-1}},"2":{"start":{"line":31,"column":0},"end":{"line":null,"column":-1}}},"fnMap":{"0":{"name":"header","decl":{"start":{"line":19,"column":0},"end":{"line":null,"column":-1}},"loc":{"start":{"line":19,"column":0},"end":{"line":21,"column":0}}},"1":{"name":"goBack","decl":{"start":{"line":24,"column":0},"end":{"line":null,"column":-1}},"loc":{"start":{"line":24,"column":0},"end":{"line":29,"column":0}}},"2":{"name":"save","decl":{"start":{"line":30,"column":0},"end":{"line":null,"column":-1}},"loc":{"start":{"line":30,"column":0},"end":{"line":35,"column":0}}}},"branchMap":{"0":{"loc":{"start":{"line":25,"column":0},"end":{"line":null,"column":-1}},"type":"if","locations":[{"start":{"line":25,"column":0},"end":{"line":null,"column":-1}},{"start":{"line":25,"column":0},"end":{"line":null,"column":-1}}]},"1":{"loc":{"start":{"line":31,"column":0},"end":{"line":null,"column":-1}},"type":"if","locations":[{"start":{"line":31,"column":0},"end":{"line":null,"column":-1}},{"start":{"line":31,"column":0},"end":{"line":null,"column":-1}}]}},"s":{"0":0,"1":0,"2":0},"f":{"0":0,"1":0,"2":0},"b":{"0":[0,0],"1":[0,0]}}
,"/home/andrija/develop/vue-node-app/frontend/src/components/headers/main.vue": {"path":"/home/andrija/develop/vue-node-app/frontend/src/components/headers/main.vue","statementMap":{"0":{"start":{"line":17,"column":0},"end":{"line":null,"column":-1}},"1":{"start":{"line":22,"column":0},"end":{"line":null,"column":-1}},"2":{"start":{"line":23,"column":0},"end":{"line":null,"column":-1}},"3":{"start":{"line":24,"column":0},"end":{"line":null,"column":-1}}},"fnMap":{"0":{"name":"header","decl":{"start":{"line":16,"column":0},"end":{"line":null,"column":-1}},"loc":{"start":{"line":16,"column":0},"end":{"line":18,"column":0}}},"1":{"name":"logout","decl":{"start":{"line":21,"column":0},"end":{"line":null,"column":-1}},"loc":{"start":{"line":21,"column":0},"end":{"line":30,"column":0}}}},"branchMap":{},"s":{"0":0,"1":0,"2":0,"3":0},"f":{"0":0,"1":0},"b":{}}
,"/home/andrija/develop/vue-node-app/frontend/src/store/actions.js": {"path":"/home/andrija/develop/vue-node-app/frontend/src/store/actions.js","statementMap":{"0":{"start":{"line":1,"column":24},"end":{"line":3,"column":1}},"1":{"start":{"line":2,"column":1},"end":{"line":2,"column":27}},"2":{"start":{"line":5,"column":22},"end":{"line":12,"column":1}},"3":{"start":{"line":6,"column":1},"end":{"line":11,"column":4}},"4":{"start":{"line":7,"column":16},"end":{"line":7,"column":45}},"5":{"start":{"line":8,"column":18},"end":{"line":8,"column":52}},"6":{"start":{"line":9,"column":2},"end":{"line":9,"column":32}},"7":{"start":{"line":10,"column":2},"end":{"line":10,"column":21}}},"fnMap":{"0":{"name":"(anonymous_0)","decl":{"start":{"line":1,"column":24},"end":{"line":1,"column":25}},"loc":{"start":{"line":1,"column":45},"end":{"line":3,"column":1}},"line":1},"1":{"name":"(anonymous_1)","decl":{"start":{"line":5,"column":22},"end":{"line":5,"column":23}},"loc":{"start":{"line":5,"column":33},"end":{"line":12,"column":1}},"line":5},"2":{"name":"(anonymous_2)","decl":{"start":{"line":6,"column":20},"end":{"line":6,"column":21}},"loc":{"start":{"line":6,"column":33},"end":{"line":11,"column":2}},"line":6}},"branchMap":{"0":{"loc":{"start":{"line":8,"column":18},"end":{"line":8,"column":52}},"type":"binary-expr","locations":[{"start":{"line":8,"column":18},"end":{"line":8,"column":45}},{"start":{"line":8,"column":49},"end":{"line":8,"column":52}}],"line":8}},"s":{"0":2,"1":0,"2":2,"3":0,"4":0,"5":0,"6":0,"7":0},"f":{"0":0,"1":0,"2":0},"b":{"0":[0,0]},"_coverageSchema":"332fd63041d2c1bcb487cc26dd0d5f7d97098a6c","hash":"4d717c204f6c7db5a8a754587a3d045df75724ec"}
,"/home/andrija/develop/vue-node-app/frontend/src/store/getters.js": {"path":"/home/andrija/develop/vue-node-app/frontend/src/store/getters.js","statementMap":{"0":{"start":{"line":1,"column":24},"end":{"line":1,"column":47}},"1":{"start":{"line":1,"column":33},"end":{"line":1,"column":47}},"2":{"start":{"line":2,"column":29},"end":{"line":2,"column":63}},"3":{"start":{"line":2,"column":38},"end":{"line":2,"column":63}},"4":{"start":{"line":3,"column":21},"end":{"line":3,"column":41}},"5":{"start":{"line":3,"column":30},"end":{"line":3,"column":41}},"6":{"start":{"line":4,"column":23},"end":{"line":4,"column":45}},"7":{"start":{"line":4,"column":32},"end":{"line":4,"column":45}}},"fnMap":{"0":{"name":"(anonymous_0)","decl":{"start":{"line":1,"column":24},"end":{"line":1,"column":25}},"loc":{"start":{"line":1,"column":33},"end":{"line":1,"column":47}},"line":1},"1":{"name":"(anonymous_1)","decl":{"start":{"line":2,"column":29},"end":{"line":2,"column":30}},"loc":{"start":{"line":2,"column":38},"end":{"line":2,"column":63}},"line":2},"2":{"name":"(anonymous_2)","decl":{"start":{"line":3,"column":21},"end":{"line":3,"column":22}},"loc":{"start":{"line":3,"column":30},"end":{"line":3,"column":41}},"line":3},"3":{"name":"(anonymous_3)","decl":{"start":{"line":4,"column":23},"end":{"line":4,"column":24}},"loc":{"start":{"line":4,"column":32},"end":{"line":4,"column":45}},"line":4}},"branchMap":{},"s":{"0":2,"1":0,"2":2,"3":0,"4":2,"5":1,"6":2,"7":1},"f":{"0":0,"1":0,"2":1,"3":1},"b":{},"_coverageSchema":"332fd63041d2c1bcb487cc26dd0d5f7d97098a6c","hash":"5f055bc1ad6e59732fbb4b300f07125ee5cccc13"}
,"/home/andrija/develop/vue-node-app/frontend/src/store/index.js": {"path":"/home/andrija/develop/vue-node-app/frontend/src/store/index.js","statementMap":{"0":{"start":{"line":12,"column":0},"end":{"line":12,"column":14}},"1":{"start":{"line":14,"column":14},"end":{"line":22,"column":2}},"2":{"start":{"line":24,"column":0},"end":{"line":30,"column":3}},"3":{"start":{"line":26,"column":1},"end":{"line":26,"column":64}},"4":{"start":{"line":29,"column":1},"end":{"line":29,"column":68}}},"fnMap":{"0":{"name":"(anonymous_0)","decl":{"start":{"line":24,"column":16},"end":{"line":24,"column":17}},"loc":{"start":{"line":24,"column":37},"end":{"line":30,"column":1}},"line":24}},"branchMap":{},"s":{"0":2,"1":2,"2":2,"3":7,"4":7},"f":{"0":7},"b":{},"_coverageSchema":"332fd63041d2c1bcb487cc26dd0d5f7d97098a6c","hash":"67b365d8ca03001f1f2071a45f637096dd01c3b4"}
,"/home/andrija/develop/vue-node-app/frontend/src/store/mutations.js": {"path":"/home/andrija/develop/vue-node-app/frontend/src/store/mutations.js","statementMap":{"0":{"start":{"line":1,"column":26},"end":{"line":3,"column":1}},"1":{"start":{"line":2,"column":1},"end":{"line":2,"column":26}},"2":{"start":{"line":5,"column":26},"end":{"line":7,"column":1}},"3":{"start":{"line":6,"column":1},"end":{"line":6,"column":26}},"4":{"start":{"line":9,"column":24},"end":{"line":11,"column":1}},"5":{"start":{"line":10,"column":1},"end":{"line":10,"column":24}},"6":{"start":{"line":13,"column":33},"end":{"line":15,"column":1}},"7":{"start":{"line":14,"column":1},"end":{"line":14,"column":24}},"8":{"start":{"line":17,"column":34},"end":{"line":19,"column":1}},"9":{"start":{"line":18,"column":1},"end":{"line":18,"column":56}},"10":{"start":{"line":21,"column":25},"end":{"line":23,"column":1}},"11":{"start":{"line":22,"column":1},"end":{"line":22,"column":42}},"12":{"start":{"line":25,"column":27},"end":{"line":27,"column":1}},"13":{"start":{"line":26,"column":1},"end":{"line":26,"column":44}},"14":{"start":{"line":29,"column":28},"end":{"line":31,"column":1}},"15":{"start":{"line":30,"column":1},"end":{"line":30,"column":31}},"16":{"start":{"line":33,"column":25},"end":{"line":38,"column":1}},"17":{"start":{"line":34,"column":15},"end":{"line":34,"column":36}},"18":{"start":{"line":35,"column":17},"end":{"line":35,"column":44}},"19":{"start":{"line":36,"column":1},"end":{"line":37,"column":22}},"20":{"start":{"line":37,"column":2},"end":{"line":37,"column":22}},"21":{"start":{"line":40,"column":27},"end":{"line":42,"column":1}},"22":{"start":{"line":41,"column":1},"end":{"line":41,"column":29}},"23":{"start":{"line":44,"column":26},"end":{"line":46,"column":1}},"24":{"start":{"line":45,"column":1},"end":{"line":45,"column":31}}},"fnMap":{"0":{"name":"(anonymous_0)","decl":{"start":{"line":1,"column":26},"end":{"line":1,"column":27}},"loc":{"start":{"line":1,"column":44},"end":{"line":3,"column":1}},"line":1},"1":{"name":"(anonymous_1)","decl":{"start":{"line":5,"column":26},"end":{"line":5,"column":27}},"loc":{"start":{"line":5,"column":44},"end":{"line":7,"column":1}},"line":5},"2":{"name":"(anonymous_2)","decl":{"start":{"line":9,"column":24},"end":{"line":9,"column":25}},"loc":{"start":{"line":9,"column":42},"end":{"line":11,"column":1}},"line":9},"3":{"name":"(anonymous_3)","decl":{"start":{"line":13,"column":33},"end":{"line":13,"column":34}},"loc":{"start":{"line":13,"column":51},"end":{"line":15,"column":1}},"line":13},"4":{"name":"(anonymous_4)","decl":{"start":{"line":17,"column":34},"end":{"line":17,"column":35}},"loc":{"start":{"line":17,"column":43},"end":{"line":19,"column":1}},"line":17},"5":{"name":"(anonymous_5)","decl":{"start":{"line":21,"column":25},"end":{"line":21,"column":26}},"loc":{"start":{"line":21,"column":45},"end":{"line":23,"column":1}},"line":21},"6":{"name":"(anonymous_6)","decl":{"start":{"line":25,"column":27},"end":{"line":25,"column":28}},"loc":{"start":{"line":25,"column":47},"end":{"line":27,"column":1}},"line":25},"7":{"name":"(anonymous_7)","decl":{"start":{"line":29,"column":28},"end":{"line":29,"column":29}},"loc":{"start":{"line":29,"column":37},"end":{"line":31,"column":1}},"line":29},"8":{"name":"(anonymous_8)","decl":{"start":{"line":33,"column":25},"end":{"line":33,"column":26}},"loc":{"start":{"line":33,"column":43},"end":{"line":38,"column":1}},"line":33},"9":{"name":"(anonymous_9)","decl":{"start":{"line":40,"column":27},"end":{"line":40,"column":28}},"loc":{"start":{"line":40,"column":36},"end":{"line":42,"column":1}},"line":40},"10":{"name":"(anonymous_10)","decl":{"start":{"line":44,"column":26},"end":{"line":44,"column":27}},"loc":{"start":{"line":44,"column":44},"end":{"line":46,"column":1}},"line":44}},"branchMap":{"0":{"loc":{"start":{"line":36,"column":1},"end":{"line":37,"column":22}},"type":"if","locations":[{"start":{"line":36,"column":1},"end":{"line":37,"column":22}},{"start":{"line":36,"column":1},"end":{"line":37,"column":22}}],"line":36}},"s":{"0":2,"1":0,"2":2,"3":0,"4":2,"5":0,"6":2,"7":2,"8":2,"9":0,"10":2,"11":1,"12":2,"13":1,"14":2,"15":0,"16":2,"17":1,"18":1,"19":1,"20":1,"21":2,"22":0,"23":2,"24":0},"f":{"0":0,"1":0,"2":0,"3":2,"4":0,"5":1,"6":1,"7":0,"8":1,"9":0,"10":0},"b":{"0":[1,0]},"_coverageSchema":"332fd63041d2c1bcb487cc26dd0d5f7d97098a6c","hash":"424df3b6c670fc6102d5c9f034367ceda3ab1c4c"}
,"/home/andrija/develop/vue-node-app/frontend/src/store/state.js": {"path":"/home/andrija/develop/vue-node-app/frontend/src/store/state.js","statementMap":{"0":{"start":{"line":3,"column":27},"end":{"line":3,"column":32}},"1":{"start":{"line":5,"column":14},"end":{"line":19,"column":1}},"2":{"start":{"line":21,"column":17},"end":{"line":21,"column":50}},"3":{"start":{"line":22,"column":0},"end":{"line":22,"column":54}},"4":{"start":{"line":24,"column":19},"end":{"line":24,"column":54}},"5":{"start":{"line":25,"column":0},"end":{"line":25,"column":60}},"6":{"start":{"line":27,"column":0},"end":{"line":27,"column":31}},"7":{"start":{"line":28,"column":0},"end":{"line":28,"column":35}}},"fnMap":{},"branchMap":{"0":{"loc":{"start":{"line":22,"column":13},"end":{"line":22,"column":53}},"type":"cond-expr","locations":[{"start":{"line":22,"column":26},"end":{"line":22,"column":48}},{"start":{"line":22,"column":51},"end":{"line":22,"column":53}}],"line":22},"1":{"loc":{"start":{"line":25,"column":15},"end":{"line":25,"column":59}},"type":"cond-expr","locations":[{"start":{"line":25,"column":30},"end":{"line":25,"column":54}},{"start":{"line":25,"column":57},"end":{"line":25,"column":59}}],"line":25}},"s":{"0":2,"1":2,"2":2,"3":2,"4":2,"5":2,"6":2,"7":2},"f":{},"b":{"0":[0,2],"1":[0,2]},"_coverageSchema":"332fd63041d2c1bcb487cc26dd0d5f7d97098a6c","hash":"9eb94bcff3f37390792fc0f41d796de2b56d3e43"}
,"/home/andrija/develop/vue-node-app/frontend/src/store/modules/header.js": {"path":"/home/andrija/develop/vue-node-app/frontend/src/store/modules/header.js","statementMap":{"0":{"start":{"line":1,"column":21},"end":{"line":6,"column":1}},"1":{"start":{"line":7,"column":14},"end":{"line":9,"column":1}},"2":{"start":{"line":11,"column":16},"end":{"line":13,"column":1}},"3":{"start":{"line":12,"column":18},"end":{"line":12,"column":23}},"4":{"start":{"line":15,"column":18},"end":{"line":24,"column":1}},"5":{"start":{"line":17,"column":2},"end":{"line":22,"column":3}},"6":{"start":{"line":18,"column":3},"end":{"line":21,"column":35}},"7":{"start":{"line":19,"column":4},"end":{"line":19,"column":28}},"8":{"start":{"line":21,"column":4},"end":{"line":21,"column":35}},"9":{"start":{"line":27,"column":17},"end":{"line":27,"column":25}},"10":{"start":{"line":29,"column":16},"end":{"line":34,"column":1}},"11":{"start":{"line":31,"column":2},"end":{"line":31,"column":37}},"12":{"start":{"line":32,"column":2},"end":{"line":32,"column":71}}},"fnMap":{"0":{"name":"(anonymous_0)","decl":{"start":{"line":12,"column":9},"end":{"line":12,"column":10}},"loc":{"start":{"line":12,"column":18},"end":{"line":12,"column":23}},"line":12},"1":{"name":"(anonymous_1)","decl":{"start":{"line":16,"column":12},"end":{"line":16,"column":13}},"loc":{"start":{"line":16,"column":30},"end":{"line":23,"column":2}},"line":16},"2":{"name":"(anonymous_2)","decl":{"start":{"line":30,"column":12},"end":{"line":30,"column":13}},"loc":{"start":{"line":30,"column":32},"end":{"line":33,"column":2}},"line":30}},"branchMap":{"0":{"loc":{"start":{"line":18,"column":3},"end":{"line":21,"column":35}},"type":"if","locations":[{"start":{"line":18,"column":3},"end":{"line":21,"column":35}},{"start":{"line":18,"column":3},"end":{"line":21,"column":35}}],"line":18}},"s":{"0":2,"1":2,"2":2,"3":0,"4":2,"5":2,"6":8,"7":5,"8":3,"9":2,"10":2,"11":2,"12":2},"f":{"0":0,"1":2,"2":2},"b":{"0":[5,3]},"_coverageSchema":"332fd63041d2c1bcb487cc26dd0d5f7d97098a6c","hash":"b8fcd232bbc37a07075c9ff7c50bdf8440558253"}
,"/home/andrija/develop/vue-node-app/frontend/src/views/dashboard.vue": {"path":"/home/andrija/develop/vue-node-app/frontend/src/views/dashboard.vue","statementMap":{"0":{"start":{"line":23,"column":0},"end":{"line":null,"column":-1}},"1":{"start":{"line":31,"column":0},"end":{"line":null,"column":-1}},"2":{"start":{"line":34,"column":0},"end":{"line":null,"column":-1}},"3":{"start":{"line":35,"column":0},"end":{"line":null,"column":-1}},"4":{"start":{"line":36,"column":0},"end":{"line":null,"column":-1}},"5":{"start":{"line":39,"column":0},"end":{"line":41,"column":0}},"6":{"start":{"line":39,"column":0},"end":{"line":null,"column":-1}},"7":{"start":{"line":40,"column":0},"end":{"line":null,"column":-1}}},"fnMap":{"0":{"name":"mounted","decl":{"start":{"line":22,"column":0},"end":{"line":null,"column":-1}},"loc":{"start":{"line":22,"column":0},"end":{"line":27,"column":0}}},"1":{"name":"toggleMenu","decl":{"start":{"line":30,"column":0},"end":{"line":null,"column":-1}},"loc":{"start":{"line":30,"column":0},"end":{"line":32,"column":0}}},"2":{"name":"changeToken","decl":{"start":{"line":33,"column":0},"end":{"line":null,"column":-1}},"loc":{"start":{"line":33,"column":0},"end":{"line":37,"column":0}}},"3":{"name":"userMe","decl":{"start":{"line":38,"column":0},"end":{"line":null,"column":-1}},"loc":{"start":{"line":38,"column":0},"end":{"line":42,"column":0}}},"4":{"name":"(anonymous_6)","decl":{"start":{"line":39,"column":0},"end":{"line":null,"column":-1}},"loc":{"start":{"line":39,"column":0},"end":{"line":null,"column":-1}}}},"branchMap":{},"s":{"0":0,"1":0,"2":0,"3":0,"4":0,"5":0,"6":0,"7":0},"f":{"0":0,"1":0,"2":0,"3":0,"4":0},"b":{}}
,"/home/andrija/develop/vue-node-app/frontend/src/views/signin.vue": {"path":"/home/andrija/develop/vue-node-app/frontend/src/views/signin.vue","statementMap":{"0":{"start":{"line":26,"column":0},"end":{"line":null,"column":-1}},"1":{"start":{"line":31,"column":0},"end":{"line":null,"column":-1}},"2":{"start":{"line":43,"column":0},"end":{"line":null,"column":-1}},"3":{"start":{"line":48,"column":0},"end":{"line":null,"column":-1}},"4":{"start":{"line":49,"column":0},"end":{"line":55,"column":0}},"5":{"start":{"line":50,"column":0},"end":{"line":54,"column":0}},"6":{"start":{"line":51,"column":0},"end":{"line":53,"column":0}},"7":{"start":{"line":52,"column":0},"end":{"line":null,"column":-1}}},"fnMap":{"0":{"name":"data","decl":{"start":{"line":30,"column":0},"end":{"line":null,"column":-1}},"loc":{"start":{"line":30,"column":0},"end":{"line":41,"column":0}}},"1":{"name":"mounted","decl":{"start":{"line":42,"column":0},"end":{"line":null,"column":-1}},"loc":{"start":{"line":42,"column":0},"end":{"line":46,"column":0}}},"2":{"name":"login","decl":{"start":{"line":48,"column":0},"end":{"line":null,"column":-1}},"loc":{"start":{"line":48,"column":0},"end":{"line":56,"column":0}}},"3":{"name":"(anonymous_5)","decl":{"start":{"line":49,"column":0},"end":{"line":null,"column":-1}},"loc":{"start":{"line":49,"column":0},"end":{"line":55,"column":0}}},"4":{"name":"(anonymous_6)","decl":{"start":{"line":51,"column":0},"end":{"line":null,"column":-1}},"loc":{"start":{"line":51,"column":0},"end":{"line":53,"column":0}}}},"branchMap":{"0":{"loc":{"start":{"line":50,"column":0},"end":{"line":54,"column":0}},"type":"if","locations":[{"start":{"line":50,"column":0},"end":{"line":54,"column":0}},{"start":{"line":50,"column":0},"end":{"line":54,"column":0}}]}},"s":{"0":0,"1":0,"2":0,"3":0,"4":0,"5":0,"6":0,"7":0},"f":{"0":0,"1":0,"2":0,"3":0,"4":0},"b":{"0":[0,0]}}
,"/home/andrija/develop/vue-node-app/frontend/src/views/countries/edit.vue": {"path":"/home/andrija/develop/vue-node-app/frontend/src/views/countries/edit.vue","statementMap":{"0":{"start":{"line":51,"column":0},"end":{"line":null,"column":-1}},"1":{"start":{"line":71,"column":0},"end":{"line":null,"column":-1}},"2":{"start":{"line":72,"column":0},"end":{"line":null,"column":-1}},"3":{"start":{"line":74,"column":0},"end":{"line":null,"column":-1}},"4":{"start":{"line":80,"column":0},"end":{"line":null,"column":-1}},"5":{"start":{"line":84,"column":0},"end":{"line":null,"column":-1}},"6":{"start":{"line":85,"column":0},"end":{"line":91,"column":0}},"7":{"start":{"line":86,"column":0},"end":{"line":null,"column":-1}},"8":{"start":{"line":88,"column":0},"end":{"line":null,"column":-1}},"9":{"start":{"line":90,"column":0},"end":{"line":null,"column":-1}},"10":{"start":{"line":93,"column":0},"end":{"line":null,"column":-1}},"11":{"start":{"line":94,"column":0},"end":{"line":115,"column":0}},"12":{"start":{"line":95,"column":0},"end":{"line":114,"column":0}},"13":{"start":{"line":96,"column":0},"end":{"line":null,"column":-1}},"14":{"start":{"line":98,"column":0},"end":{"line":113,"column":0}},"15":{"start":{"line":99,"column":0},"end":{"line":104,"column":0}},"16":{"start":{"line":100,"column":0},"end":{"line":null,"column":-1}},"17":{"start":{"line":101,"column":0},"end":{"line":null,"column":-1}},"18":{"start":{"line":103,"column":0},"end":{"line":null,"column":-1}},"19":{"start":{"line":107,"column":0},"end":{"line":112,"column":0}},"20":{"start":{"line":108,"column":0},"end":{"line":null,"column":-1}},"21":{"start":{"line":109,"column":0},"end":{"line":null,"column":-1}},"22":{"start":{"line":111,"column":0},"end":{"line":null,"column":-1}}},"fnMap":{"0":{"name":"data","decl":{"start":{"line":50,"column":0},"end":{"line":null,"column":-1}},"loc":{"start":{"line":50,"column":0},"end":{"line":69,"column":0}}},"1":{"name":"mounted","decl":{"start":{"line":70,"column":0},"end":{"line":null,"column":-1}},"loc":{"start":{"line":70,"column":0},"end":{"line":82,"column":0}}},"2":{"name":"getCountry","decl":{"start":{"line":84,"column":0},"end":{"line":null,"column":-1}},"loc":{"start":{"line":84,"column":0},"end":{"line":92,"column":0}}},"3":{"name":"(anonymous_5)","decl":{"start":{"line":85,"column":0},"end":{"line":null,"column":-1}},"loc":{"start":{"line":85,"column":0},"end":{"line":87,"column":0}}},"4":{"name":"(anonymous_6)","decl":{"start":{"line":87,"column":0},"end":{"line":null,"column":-1}},"loc":{"start":{"line":87,"column":0},"end":{"line":89,"column":0}}},"5":{"name":"(anonymous_7)","decl":{"start":{"line":89,"column":0},"end":{"line":null,"column":-1}},"loc":{"start":{"line":89,"column":0},"end":{"line":91,"column":0}}},"6":{"name":"saveCountry","decl":{"start":{"line":93,"column":0},"end":{"line":null,"column":-1}},"loc":{"start":{"line":93,"column":0},"end":{"line":116,"column":0}}},"7":{"name":"(anonymous_9)","decl":{"start":{"line":94,"column":0},"end":{"line":null,"column":-1}},"loc":{"start":{"line":94,"column":0},"end":{"line":115,"column":0}}},"8":{"name":"(anonymous_10)","decl":{"start":{"line":99,"column":0},"end":{"line":null,"column":-1}},"loc":{"start":{"line":99,"column":0},"end":{"line":102,"column":0}}},"9":{"name":"(anonymous_11)","decl":{"start":{"line":102,"column":0},"end":{"line":null,"column":-1}},"loc":{"start":{"line":102,"column":0},"end":{"line":104,"column":0}}},"10":{"name":"(anonymous_12)","decl":{"start":{"line":107,"column":0},"end":{"line":null,"column":-1}},"loc":{"start":{"line":107,"column":0},"end":{"line":110,"column":0}}},"11":{"name":"(anonymous_13)","decl":{"start":{"line":110,"column":0},"end":{"line":null,"column":-1}},"loc":{"start":{"line":110,"column":0},"end":{"line":112,"column":0}}}},"branchMap":{"0":{"loc":{"start":{"line":76,"column":0},"end":{"line":null,"column":-1}},"type":"cond-expr","locations":[{"start":{"line":76,"column":0},"end":{"line":null,"column":-1}},{"start":{"line":76,"column":0},"end":{"line":null,"column":-1}}]},"1":{"loc":{"start":{"line":80,"column":0},"end":{"line":null,"column":-1}},"type":"if","locations":[{"start":{"line":80,"column":0},"end":{"line":null,"column":-1}},{"start":{"line":80,"column":0},"end":{"line":null,"column":-1}}]},"2":{"loc":{"start":{"line":95,"column":0},"end":{"line":114,"column":0}},"type":"if","locations":[{"start":{"line":95,"column":0},"end":{"line":114,"column":0}},{"start":{"line":95,"column":0},"end":{"line":114,"column":0}}]},"3":{"loc":{"start":{"line":98,"column":0},"end":{"line":113,"column":0}},"type":"if","locations":[{"start":{"line":98,"column":0},"end":{"line":113,"column":0}},{"start":{"line":98,"column":0},"end":{"line":113,"column":0}}]}},"s":{"0":0,"1":0,"2":0,"3":0,"4":0,"5":0,"6":0,"7":0,"8":0,"9":0,"10":0,"11":0,"12":0,"13":0,"14":0,"15":0,"16":0,"17":0,"18":0,"19":0,"20":0,"21":0,"22":0},"f":{"0":0,"1":0,"2":0,"3":0,"4":0,"5":0,"6":0,"7":0,"8":0,"9":0,"10":0,"11":0},"b":{"0":[0,0],"1":[0,0],"2":[0,0],"3":[0,0]}}
,"/home/andrija/develop/vue-node-app/frontend/src/views/countries/list.vue": {"path":"/home/andrija/develop/vue-node-app/frontend/src/views/countries/list.vue","statementMap":{"0":{"start":{"line":107,"column":0},"end":{"line":null,"column":-1}},"1":{"start":{"line":120,"column":0},"end":{"line":null,"column":-1}},"2":{"start":{"line":124,"column":0},"end":{"line":null,"column":-1}},"3":{"start":{"line":125,"column":0},"end":{"line":null,"column":-1}},"4":{"start":{"line":128,"column":0},"end":{"line":null,"column":-1}},"5":{"start":{"line":129,"column":0},"end":{"line":null,"column":-1}},"6":{"start":{"line":134,"column":0},"end":{"line":null,"column":-1}},"7":{"start":{"line":137,"column":0},"end":{"line":null,"column":-1}},"8":{"start":{"line":138,"column":0},"end":{"line":149,"column":0}},"9":{"start":{"line":139,"column":0},"end":{"line":null,"column":-1}},"10":{"start":{"line":141,"column":0},"end":{"line":null,"column":-1}},"11":{"start":{"line":142,"column":0},"end":{"line":null,"column":-1}},"12":{"start":{"line":143,"column":0},"end":{"line":null,"column":-1}},"13":{"start":{"line":144,"column":0},"end":{"line":null,"column":-1}},"14":{"start":{"line":145,"column":0},"end":{"line":null,"column":-1}},"15":{"start":{"line":146,"column":0},"end":{"line":null,"column":-1}},"16":{"start":{"line":148,"column":0},"end":{"line":null,"column":-1}},"17":{"start":{"line":152,"column":0},"end":{"line":null,"column":-1}},"18":{"start":{"line":153,"column":0},"end":{"line":null,"column":-1}},"19":{"start":{"line":156,"column":0},"end":{"line":null,"column":-1}},"20":{"start":{"line":157,"column":0},"end":{"line":null,"column":-1}},"21":{"start":{"line":159,"column":0},"end":{"line":null,"column":-1}},"22":{"start":{"line":160,"column":0},"end":{"line":165,"column":0}},"23":{"start":{"line":161,"column":0},"end":{"line":null,"column":-1}},"24":{"start":{"line":162,"column":0},"end":{"line":null,"column":-1}},"25":{"start":{"line":164,"column":0},"end":{"line":null,"column":-1}}},"fnMap":{"0":{"name":"data","decl":{"start":{"line":106,"column":0},"end":{"line":null,"column":-1}},"loc":{"start":{"line":106,"column":0},"end":{"line":118,"column":0}}},"1":{"name":"mounted","decl":{"start":{"line":119,"column":0},"end":{"line":null,"column":-1}},"loc":{"start":{"line":119,"column":0},"end":{"line":126,"column":0}}},"2":{"name":"getCountries","decl":{"start":{"line":128,"column":0},"end":{"line":null,"column":-1}},"loc":{"start":{"line":128,"column":0},"end":{"line":150,"column":0}}},"3":{"name":"(anonymous_5)","decl":{"start":{"line":138,"column":0},"end":{"line":null,"column":-1}},"loc":{"start":{"line":138,"column":0},"end":{"line":140,"column":0}}},"4":{"name":"(anonymous_6)","decl":{"start":{"line":140,"column":0},"end":{"line":null,"column":-1}},"loc":{"start":{"line":140,"column":0},"end":{"line":147,"column":0}}},"5":{"name":"(anonymous_7)","decl":{"start":{"line":147,"column":0},"end":{"line":null,"column":-1}},"loc":{"start":{"line":147,"column":0},"end":{"line":149,"column":0}}},"6":{"name":"getCountriesBySearch","decl":{"start":{"line":151,"column":0},"end":{"line":null,"column":-1}},"loc":{"start":{"line":151,"column":0},"end":{"line":154,"column":0}}},"7":{"name":"edit","decl":{"start":{"line":155,"column":0},"end":{"line":null,"column":-1}},"loc":{"start":{"line":155,"column":0},"end":{"line":158,"column":0}}},"8":{"name":"deleteCountry","decl":{"start":{"line":159,"column":0},"end":{"line":null,"column":-1}},"loc":{"start":{"line":159,"column":0},"end":{"line":166,"column":0}}},"9":{"name":"(anonymous_11)","decl":{"start":{"line":160,"column":0},"end":{"line":null,"column":-1}},"loc":{"start":{"line":160,"column":0},"end":{"line":163,"column":0}}},"10":{"name":"(anonymous_12)","decl":{"start":{"line":163,"column":0},"end":{"line":null,"column":-1}},"loc":{"start":{"line":163,"column":0},"end":{"line":165,"column":0}}}},"branchMap":{"0":{"loc":{"start":{"line":134,"column":0},"end":{"line":null,"column":-1}},"type":"if","locations":[{"start":{"line":134,"column":0},"end":{"line":null,"column":-1}},{"start":{"line":134,"column":0},"end":{"line":null,"column":-1}}]}},"s":{"0":0,"1":0,"2":0,"3":0,"4":0,"5":0,"6":0,"7":0,"8":0,"9":0,"10":0,"11":0,"12":0,"13":0,"14":0,"15":0,"16":0,"17":0,"18":0,"19":0,"20":0,"21":0,"22":0,"23":0,"24":0,"25":0},"f":{"0":0,"1":0,"2":0,"3":0,"4":0,"5":0,"6":0,"7":0,"8":0,"9":0,"10":0},"b":{"0":[0,0]}}
,"/home/andrija/develop/vue-node-app/frontend/src/views/image-cropper/cropper.vue": {"path":"/home/andrija/develop/vue-node-app/frontend/src/views/image-cropper/cropper.vue","statementMap":{"0":{"start":{"line":73,"column":0},"end":{"line":null,"column":-1}},"1":{"start":{"line":78,"column":0},"end":{"line":null,"column":-1}},"2":{"start":{"line":99,"column":0},"end":{"line":null,"column":-1}},"3":{"start":{"line":106,"column":0},"end":{"line":null,"column":-1}},"4":{"start":{"line":108,"column":0},"end":{"line":null,"column":-1}},"5":{"start":{"line":109,"column":0},"end":{"line":128,"column":0}},"6":{"start":{"line":110,"column":0},"end":{"line":null,"column":-1}},"7":{"start":{"line":111,"column":0},"end":{"line":null,"column":-1}},"8":{"start":{"line":112,"column":0},"end":{"line":null,"column":-1}},"9":{"start":{"line":114,"column":0},"end":{"line":125,"column":0}},"10":{"start":{"line":115,"column":0},"end":{"line":null,"column":-1}},"11":{"start":{"line":116,"column":0},"end":{"line":null,"column":-1}},"12":{"start":{"line":118,"column":0},"end":{"line":null,"column":-1}},"13":{"start":{"line":127,"column":0},"end":{"line":null,"column":-1}},"14":{"start":{"line":130,"column":0},"end":{"line":null,"column":-1}},"15":{"start":{"line":131,"column":0},"end":{"line":139,"column":0}},"16":{"start":{"line":132,"column":0},"end":{"line":null,"column":-1}},"17":{"start":{"line":137,"column":0},"end":{"line":null,"column":-1}},"18":{"start":{"line":138,"column":0},"end":{"line":null,"column":-1}},"19":{"start":{"line":142,"column":0},"end":{"line":null,"column":-1}},"20":{"start":{"line":146,"column":0},"end":{"line":149,"column":0}},"21":{"start":{"line":147,"column":0},"end":{"line":null,"column":-1}},"22":{"start":{"line":148,"column":0},"end":{"line":null,"column":-1}},"23":{"start":{"line":152,"column":0},"end":{"line":155,"column":0}},"24":{"start":{"line":153,"column":0},"end":{"line":null,"column":-1}},"25":{"start":{"line":154,"column":0},"end":{"line":null,"column":-1}},"26":{"start":{"line":158,"column":0},"end":{"line":null,"column":-1}},"27":{"start":{"line":161,"column":0},"end":{"line":null,"column":-1}},"28":{"start":{"line":165,"column":0},"end":{"line":null,"column":-1}},"29":{"start":{"line":169,"column":0},"end":{"line":null,"column":-1}},"30":{"start":{"line":173,"column":0},"end":{"line":null,"column":-1}},"31":{"start":{"line":177,"column":0},"end":{"line":null,"column":-1}},"32":{"start":{"line":178,"column":0},"end":{"line":null,"column":-1}},"33":{"start":{"line":179,"column":0},"end":{"line":null,"column":-1}},"34":{"start":{"line":181,"column":0},"end":{"line":null,"column":-1}},"35":{"start":{"line":182,"column":0},"end":{"line":190,"column":0}},"36":{"start":{"line":183,"column":0},"end":{"line":null,"column":-1}},"37":{"start":{"line":184,"column":0},"end":{"line":null,"column":-1}},"38":{"start":{"line":185,"column":0},"end":{"line":189,"column":0}},"39":{"start":{"line":186,"column":0},"end":{"line":null,"column":-1}},"40":{"start":{"line":188,"column":0},"end":{"line":null,"column":-1}}},"fnMap":{"0":{"name":"data","decl":{"start":{"line":77,"column":0},"end":{"line":null,"column":-1}},"loc":{"start":{"line":77,"column":0},"end":{"line":97,"column":0}}},"1":{"name":"mounted","decl":{"start":{"line":98,"column":0},"end":{"line":null,"column":-1}},"loc":{"start":{"line":98,"column":0},"end":{"line":103,"column":0}}},"2":{"name":"chooseImage","decl":{"start":{"line":105,"column":0},"end":{"line":null,"column":-1}},"loc":{"start":{"line":105,"column":0},"end":{"line":107,"column":0}}},"3":{"name":"openImage","decl":{"start":{"line":108,"column":0},"end":{"line":null,"column":-1}},"loc":{"start":{"line":108,"column":0},"end":{"line":129,"column":0}}},"4":{"name":"(anonymous_6)","decl":{"start":{"line":114,"column":0},"end":{"line":null,"column":-1}},"loc":{"start":{"line":114,"column":0},"end":{"line":125,"column":0}}},"5":{"name":"resetCropper","decl":{"start":{"line":130,"column":0},"end":{"line":null,"column":-1}},"loc":{"start":{"line":130,"column":0},"end":{"line":140,"column":0}}},"6":{"name":"changeAspectRatio","decl":{"start":{"line":141,"column":0},"end":{"line":null,"column":-1}},"loc":{"start":{"line":141,"column":0},"end":{"line":144,"column":0}}},"7":{"name":"flipHorizontal","decl":{"start":{"line":145,"column":0},"end":{"line":null,"column":-1}},"loc":{"start":{"line":145,"column":0},"end":{"line":150,"column":0}}},"8":{"name":"flipVertical","decl":{"start":{"line":151,"column":0},"end":{"line":null,"column":-1}},"loc":{"start":{"line":151,"column":0},"end":{"line":156,"column":0}}},"9":{"name":"scale","decl":{"start":{"line":157,"column":0},"end":{"line":null,"column":-1}},"loc":{"start":{"line":157,"column":0},"end":{"line":159,"column":0}}},"10":{"name":"zoomIn","decl":{"start":{"line":160,"column":0},"end":{"line":null,"column":-1}},"loc":{"start":{"line":160,"column":0},"end":{"line":163,"column":0}}},"11":{"name":"zoomOut","decl":{"start":{"line":164,"column":0},"end":{"line":null,"column":-1}},"loc":{"start":{"line":164,"column":0},"end":{"line":167,"column":0}}},"12":{"name":"rotateLeft","decl":{"start":{"line":168,"column":0},"end":{"line":null,"column":-1}},"loc":{"start":{"line":168,"column":0},"end":{"line":171,"column":0}}},"13":{"name":"rotateRight","decl":{"start":{"line":172,"column":0},"end":{"line":null,"column":-1}},"loc":{"start":{"line":172,"column":0},"end":{"line":175,"column":0}}},"14":{"name":"previewImage","decl":{"start":{"line":176,"column":0},"end":{"line":null,"column":-1}},"loc":{"start":{"line":176,"column":0},"end":{"line":180,"column":0}}},"15":{"name":"uploadImage","decl":{"start":{"line":181,"column":0},"end":{"line":null,"column":-1}},"loc":{"start":{"line":181,"column":0},"end":{"line":191,"column":0}}},"16":{"name":"(anonymous_18)","decl":{"start":{"line":182,"column":0},"end":{"line":null,"column":-1}},"loc":{"start":{"line":182,"column":0},"end":{"line":190,"column":0}}},"17":{"name":"(anonymous_19)","decl":{"start":{"line":185,"column":0},"end":{"line":null,"column":-1}},"loc":{"start":{"line":185,"column":0},"end":{"line":187,"column":0}}},"18":{"name":"(anonymous_20)","decl":{"start":{"line":187,"column":0},"end":{"line":null,"column":-1}},"loc":{"start":{"line":187,"column":0},"end":{"line":189,"column":0}}}},"branchMap":{"0":{"loc":{"start":{"line":109,"column":0},"end":{"line":128,"column":0}},"type":"if","locations":[{"start":{"line":109,"column":0},"end":{"line":128,"column":0}},{"start":{"line":109,"column":0},"end":{"line":128,"column":0}}]},"1":{"loc":{"start":{"line":130,"column":0},"end":{"line":null,"column":-1}},"type":"cond-expr","locations":[{"start":{"line":130,"column":0},"end":{"line":null,"column":-1}},{"start":{"line":130,"column":0},"end":{"line":null,"column":-1}}]},"2":{"loc":{"start":{"line":131,"column":0},"end":{"line":139,"column":0}},"type":"if","locations":[{"start":{"line":131,"column":0},"end":{"line":139,"column":0}},{"start":{"line":131,"column":0},"end":{"line":139,"column":0}}]},"3":{"loc":{"start":{"line":132,"column":0},"end":{"line":null,"column":-1}},"type":"if","locations":[{"start":{"line":132,"column":0},"end":{"line":null,"column":-1}},{"start":{"line":132,"column":0},"end":{"line":null,"column":-1}}]},"4":{"loc":{"start":{"line":142,"column":0},"end":{"line":null,"column":-1}},"type":"if","locations":[{"start":{"line":142,"column":0},"end":{"line":null,"column":-1}},{"start":{"line":142,"column":0},"end":{"line":null,"column":-1}}]},"5":{"loc":{"start":{"line":146,"column":0},"end":{"line":149,"column":0}},"type":"if","locations":[{"start":{"line":146,"column":0},"end":{"line":149,"column":0}},{"start":{"line":146,"column":0},"end":{"line":149,"column":0}}]},"6":{"loc":{"start":{"line":152,"column":0},"end":{"line":155,"column":0}},"type":"if","locations":[{"start":{"line":152,"column":0},"end":{"line":155,"column":0}},{"start":{"line":152,"column":0},"end":{"line":155,"column":0}}]},"7":{"loc":{"start":{"line":161,"column":0},"end":{"line":null,"column":-1}},"type":"if","locations":[{"start":{"line":161,"column":0},"end":{"line":null,"column":-1}},{"start":{"line":161,"column":0},"end":{"line":null,"column":-1}}]},"8":{"loc":{"start":{"line":165,"column":0},"end":{"line":null,"column":-1}},"type":"if","locations":[{"start":{"line":165,"column":0},"end":{"line":null,"column":-1}},{"start":{"line":165,"column":0},"end":{"line":null,"column":-1}}]},"9":{"loc":{"start":{"line":169,"column":0},"end":{"line":null,"column":-1}},"type":"if","locations":[{"start":{"line":169,"column":0},"end":{"line":null,"column":-1}},{"start":{"line":169,"column":0},"end":{"line":null,"column":-1}}]},"10":{"loc":{"start":{"line":173,"column":0},"end":{"line":null,"column":-1}},"type":"if","locations":[{"start":{"line":173,"column":0},"end":{"line":null,"column":-1}},{"start":{"line":173,"column":0},"end":{"line":null,"column":-1}}]}},"s":{"0":0,"1":0,"2":0,"3":0,"4":0,"5":0,"6":0,"7":0,"8":0,"9":0,"10":0,"11":0,"12":0,"13":0,"14":0,"15":0,"16":0,"17":0,"18":0,"19":0,"20":0,"21":0,"22":0,"23":0,"24":0,"25":0,"26":0,"27":0,"28":0,"29":0,"30":0,"31":0,"32":0,"33":0,"34":0,"35":0,"36":0,"37":0,"38":0,"39":0,"40":0},"f":{"0":0,"1":0,"2":0,"3":0,"4":0,"5":0,"6":0,"7":0,"8":0,"9":0,"10":0,"11":0,"12":0,"13":0,"14":0,"15":0,"16":0,"17":0,"18":0},"b":{"0":[0,0],"1":[0,0],"2":[0,0],"3":[0,0],"4":[0,0],"5":[0,0],"6":[0,0],"7":[0,0],"8":[0,0],"9":[0,0],"10":[0,0]}}
,"/home/andrija/develop/vue-node-app/frontend/src/views/languages/edit.vue": {"path":"/home/andrija/develop/vue-node-app/frontend/src/views/languages/edit.vue","statementMap":{"0":{"start":{"line":34,"column":0},"end":{"line":null,"column":-1}},"1":{"start":{"line":51,"column":0},"end":{"line":null,"column":-1}},"2":{"start":{"line":58,"column":0},"end":{"line":null,"column":-1}},"3":{"start":{"line":59,"column":0},"end":{"line":null,"column":-1}},"4":{"start":{"line":61,"column":0},"end":{"line":null,"column":-1}},"5":{"start":{"line":67,"column":0},"end":{"line":null,"column":-1}},"6":{"start":{"line":70,"column":0},"end":{"line":null,"column":-1}},"7":{"start":{"line":71,"column":0},"end":{"line":79,"column":0}},"8":{"start":{"line":72,"column":0},"end":{"line":78,"column":0}},"9":{"start":{"line":73,"column":0},"end":{"line":null,"column":-1}},"10":{"start":{"line":75,"column":0},"end":{"line":null,"column":-1}},"11":{"start":{"line":77,"column":0},"end":{"line":null,"column":-1}},"12":{"start":{"line":81,"column":0},"end":{"line":null,"column":-1}},"13":{"start":{"line":82,"column":0},"end":{"line":103,"column":0}},"14":{"start":{"line":83,"column":0},"end":{"line":null,"column":-1}},"15":{"start":{"line":85,"column":0},"end":{"line":100,"column":0}},"16":{"start":{"line":86,"column":0},"end":{"line":91,"column":0}},"17":{"start":{"line":87,"column":0},"end":{"line":null,"column":-1}},"18":{"start":{"line":88,"column":0},"end":{"line":null,"column":-1}},"19":{"start":{"line":90,"column":0},"end":{"line":null,"column":-1}},"20":{"start":{"line":94,"column":0},"end":{"line":99,"column":0}},"21":{"start":{"line":95,"column":0},"end":{"line":null,"column":-1}},"22":{"start":{"line":96,"column":0},"end":{"line":null,"column":-1}},"23":{"start":{"line":98,"column":0},"end":{"line":null,"column":-1}},"24":{"start":{"line":102,"column":0},"end":{"line":null,"column":-1}}},"fnMap":{"0":{"name":"data","decl":{"start":{"line":33,"column":0},"end":{"line":null,"column":-1}},"loc":{"start":{"line":33,"column":0},"end":{"line":48,"column":0}}},"1":{"name":"title","decl":{"start":{"line":50,"column":0},"end":{"line":null,"column":-1}},"loc":{"start":{"line":50,"column":0},"end":{"line":55,"column":0}}},"2":{"name":"mounted","decl":{"start":{"line":57,"column":0},"end":{"line":null,"column":-1}},"loc":{"start":{"line":57,"column":0},"end":{"line":68,"column":0}}},"3":{"name":"getLanguage","decl":{"start":{"line":70,"column":0},"end":{"line":null,"column":-1}},"loc":{"start":{"line":70,"column":0},"end":{"line":80,"column":0}}},"4":{"name":"(anonymous_6)","decl":{"start":{"line":72,"column":0},"end":{"line":null,"column":-1}},"loc":{"start":{"line":72,"column":0},"end":{"line":74,"column":0}}},"5":{"name":"(anonymous_7)","decl":{"start":{"line":74,"column":0},"end":{"line":null,"column":-1}},"loc":{"start":{"line":74,"column":0},"end":{"line":76,"column":0}}},"6":{"name":"(anonymous_8)","decl":{"start":{"line":76,"column":0},"end":{"line":null,"column":-1}},"loc":{"start":{"line":76,"column":0},"end":{"line":78,"column":0}}},"7":{"name":"saveLanguage","decl":{"start":{"line":81,"column":0},"end":{"line":null,"column":-1}},"loc":{"start":{"line":81,"column":0},"end":{"line":104,"column":0}}},"8":{"name":"(anonymous_10)","decl":{"start":{"line":82,"column":0},"end":{"line":null,"column":-1}},"loc":{"start":{"line":82,"column":0},"end":{"line":101,"column":0}}},"9":{"name":"(anonymous_11)","decl":{"start":{"line":86,"column":0},"end":{"line":null,"column":-1}},"loc":{"start":{"line":86,"column":0},"end":{"line":89,"column":0}}},"10":{"name":"(anonymous_12)","decl":{"start":{"line":89,"column":0},"end":{"line":null,"column":-1}},"loc":{"start":{"line":89,"column":0},"end":{"line":91,"column":0}}},"11":{"name":"(anonymous_13)","decl":{"start":{"line":94,"column":0},"end":{"line":null,"column":-1}},"loc":{"start":{"line":94,"column":0},"end":{"line":97,"column":0}}},"12":{"name":"(anonymous_14)","decl":{"start":{"line":97,"column":0},"end":{"line":null,"column":-1}},"loc":{"start":{"line":97,"column":0},"end":{"line":99,"column":0}}},"13":{"name":"(anonymous_15)","decl":{"start":{"line":101,"column":0},"end":{"line":null,"column":-1}},"loc":{"start":{"line":101,"column":0},"end":{"line":103,"column":0}}}},"branchMap":{"0":{"loc":{"start":{"line":51,"column":0},"end":{"line":null,"column":-1}},"type":"if","locations":[{"start":{"line":51,"column":0},"end":{"line":null,"column":-1}},{"start":{"line":51,"column":0},"end":{"line":null,"column":-1}}]},"1":{"loc":{"start":{"line":71,"column":0},"end":{"line":79,"column":0}},"type":"if","locations":[{"start":{"line":71,"column":0},"end":{"line":79,"column":0}},{"start":{"line":71,"column":0},"end":{"line":79,"column":0}}]},"2":{"loc":{"start":{"line":85,"column":0},"end":{"line":100,"column":0}},"type":"if","locations":[{"start":{"line":85,"column":0},"end":{"line":100,"column":0}},{"start":{"line":85,"column":0},"end":{"line":100,"column":0}}]}},"s":{"0":1,"1":6,"2":1,"3":1,"4":1,"5":1,"6":3,"7":3,"8":2,"9":1,"10":1,"11":1,"12":5,"13":5,"14":4,"15":4,"16":2,"17":1,"18":1,"19":1,"20":2,"21":1,"22":1,"23":1,"24":1},"f":{"0":1,"1":3,"2":1,"3":3,"4":1,"5":1,"6":1,"7":5,"8":4,"9":1,"10":1,"11":1,"12":1,"13":1},"b":{"0":[1,2],"1":[2,1],"2":[2,2]}}
,"/home/andrija/develop/vue-node-app/frontend/src/views/languages/list.vue": {"path":"/home/andrija/develop/vue-node-app/frontend/src/views/languages/list.vue","statementMap":{"0":{"start":{"line":86,"column":0},"end":{"line":null,"column":-1}},"1":{"start":{"line":99,"column":0},"end":{"line":null,"column":-1}},"2":{"start":{"line":103,"column":0},"end":{"line":null,"column":-1}},"3":{"start":{"line":104,"column":0},"end":{"line":null,"column":-1}},"4":{"start":{"line":107,"column":0},"end":{"line":null,"column":-1}},"5":{"start":{"line":108,"column":0},"end":{"line":null,"column":-1}},"6":{"start":{"line":113,"column":0},"end":{"line":null,"column":-1}},"7":{"start":{"line":116,"column":0},"end":{"line":null,"column":-1}},"8":{"start":{"line":117,"column":0},"end":{"line":128,"column":0}},"9":{"start":{"line":118,"column":0},"end":{"line":null,"column":-1}},"10":{"start":{"line":120,"column":0},"end":{"line":null,"column":-1}},"11":{"start":{"line":121,"column":0},"end":{"line":null,"column":-1}},"12":{"start":{"line":122,"column":0},"end":{"line":null,"column":-1}},"13":{"start":{"line":123,"column":0},"end":{"line":null,"column":-1}},"14":{"start":{"line":124,"column":0},"end":{"line":null,"column":-1}},"15":{"start":{"line":125,"column":0},"end":{"line":null,"column":-1}},"16":{"start":{"line":127,"column":0},"end":{"line":null,"column":-1}},"17":{"start":{"line":131,"column":0},"end":{"line":null,"column":-1}},"18":{"start":{"line":132,"column":0},"end":{"line":null,"column":-1}},"19":{"start":{"line":135,"column":0},"end":{"line":null,"column":-1}},"20":{"start":{"line":136,"column":0},"end":{"line":null,"column":-1}},"21":{"start":{"line":138,"column":0},"end":{"line":null,"column":-1}},"22":{"start":{"line":139,"column":0},"end":{"line":144,"column":0}},"23":{"start":{"line":140,"column":0},"end":{"line":null,"column":-1}},"24":{"start":{"line":141,"column":0},"end":{"line":null,"column":-1}},"25":{"start":{"line":143,"column":0},"end":{"line":null,"column":-1}}},"fnMap":{"0":{"name":"data","decl":{"start":{"line":85,"column":0},"end":{"line":null,"column":-1}},"loc":{"start":{"line":85,"column":0},"end":{"line":97,"column":0}}},"1":{"name":"mounted","decl":{"start":{"line":98,"column":0},"end":{"line":null,"column":-1}},"loc":{"start":{"line":98,"column":0},"end":{"line":105,"column":0}}},"2":{"name":"getLanguages","decl":{"start":{"line":107,"column":0},"end":{"line":null,"column":-1}},"loc":{"start":{"line":107,"column":0},"end":{"line":129,"column":0}}},"3":{"name":"(anonymous_5)","decl":{"start":{"line":117,"column":0},"end":{"line":null,"column":-1}},"loc":{"start":{"line":117,"column":0},"end":{"line":119,"column":0}}},"4":{"name":"(anonymous_6)","decl":{"start":{"line":119,"column":0},"end":{"line":null,"column":-1}},"loc":{"start":{"line":119,"column":0},"end":{"line":126,"column":0}}},"5":{"name":"(anonymous_7)","decl":{"start":{"line":126,"column":0},"end":{"line":null,"column":-1}},"loc":{"start":{"line":126,"column":0},"end":{"line":128,"column":0}}},"6":{"name":"getLanguagesBySearch","decl":{"start":{"line":130,"column":0},"end":{"line":null,"column":-1}},"loc":{"start":{"line":130,"column":0},"end":{"line":133,"column":0}}},"7":{"name":"edit","decl":{"start":{"line":134,"column":0},"end":{"line":null,"column":-1}},"loc":{"start":{"line":134,"column":0},"end":{"line":137,"column":0}}},"8":{"name":"deleteLanguage","decl":{"start":{"line":138,"column":0},"end":{"line":null,"column":-1}},"loc":{"start":{"line":138,"column":0},"end":{"line":145,"column":0}}},"9":{"name":"(anonymous_11)","decl":{"start":{"line":139,"column":0},"end":{"line":null,"column":-1}},"loc":{"start":{"line":139,"column":0},"end":{"line":142,"column":0}}},"10":{"name":"(anonymous_12)","decl":{"start":{"line":142,"column":0},"end":{"line":null,"column":-1}},"loc":{"start":{"line":142,"column":0},"end":{"line":144,"column":0}}}},"branchMap":{"0":{"loc":{"start":{"line":113,"column":0},"end":{"line":null,"column":-1}},"type":"if","locations":[{"start":{"line":113,"column":0},"end":{"line":null,"column":-1}},{"start":{"line":113,"column":0},"end":{"line":null,"column":-1}}]}},"s":{"0":1,"1":1,"2":1,"3":1,"4":4,"5":4,"6":6,"7":4,"8":4,"9":1,"10":1,"11":1,"12":1,"13":1,"14":1,"15":1,"16":3,"17":1,"18":1,"19":1,"20":1,"21":2,"22":2,"23":1,"24":1,"25":1},"f":{"0":1,"1":1,"2":4,"3":1,"4":1,"5":3,"6":1,"7":1,"8":2,"9":1,"10":1},"b":{"0":[2,2]}}
}
