{"/home/milos/Projekti/vue-node-app/frontend/src/app.vue": {"path":"/home/milos/Projekti/vue-node-app/frontend/src/app.vue","statementMap":{"0":{"start":{"line":25,"column":0},"end":{"line":null,"column":-1}}},"fnMap":{"0":{"name":"header","decl":{"start":{"line":24,"column":0},"end":{"line":null,"column":-1}},"loc":{"start":{"line":24,"column":0},"end":{"line":26,"column":0}}}},"branchMap":{},"s":{"0":0},"f":{"0":0},"b":{}}
,"/home/milos/Projekti/vue-node-app/frontend/src/components/Alert.vue": {"path":"/home/milos/Projekti/vue-node-app/frontend/src/components/Alert.vue","statementMap":{"0":{"start":{"line":24,"column":0},"end":{"line":null,"column":-1}}},"fnMap":{"0":{"name":"data","decl":{"start":{"line":23,"column":0},"end":{"line":null,"column":-1}},"loc":{"start":{"line":23,"column":0},"end":{"line":27,"column":0}}}},"branchMap":{},"s":{"0":1},"f":{"0":1},"b":{}}
,"/home/milos/Projekti/vue-node-app/frontend/src/components/HelloWorld.vue": {"path":"/home/milos/Projekti/vue-node-app/frontend/src/components/HelloWorld.vue","statementMap":{"0":{"start":{"line":90,"column":0},"end":{"line":null,"column":-1}}},"fnMap":{"0":{"name":"data","decl":{"start":{"line":89,"column":0},"end":{"line":null,"column":-1}},"loc":{"start":{"line":89,"column":0},"end":{"line":93,"column":0}}}},"branchMap":{},"s":{"0":1},"f":{"0":1},"b":{}}
,"/home/milos/Projekti/vue-node-app/frontend/src/components/navigation.vue": {"path":"/home/milos/Projekti/vue-node-app/frontend/src/components/navigation.vue","statementMap":{"0":{"start":{"line":69,"column":0},"end":{"line":null,"column":-1}},"1":{"start":{"line":73,"column":0},"end":{"line":null,"column":-1}},"2":{"start":{"line":140,"column":0},"end":{"line":null,"column":-1}},"3":{"start":{"line":144,"column":0},"end":{"line":null,"column":-1}},"4":{"start":{"line":146,"column":0},"end":{"line":null,"column":-1}}},"fnMap":{"0":{"name":"isCollapse","decl":{"start":{"line":68,"column":0},"end":{"line":null,"column":-1}},"loc":{"start":{"line":68,"column":0},"end":{"line":70,"column":0}}},"1":{"name":"data","decl":{"start":{"line":72,"column":0},"end":{"line":null,"column":-1}},"loc":{"start":{"line":72,"column":0},"end":{"line":137,"column":0}}},"2":{"name":"toggleCollapse","decl":{"start":{"line":139,"column":0},"end":{"line":null,"column":-1}},"loc":{"start":{"line":139,"column":0},"end":{"line":141,"column":0}}},"3":{"name":"selectMenu","decl":{"start":{"line":142,"column":0},"end":{"line":null,"column":-1}},"loc":{"start":{"line":142,"column":0},"end":{"line":147,"column":0}}}},"branchMap":{},"s":{"0":0,"1":0,"2":0,"3":0,"4":0},"f":{"0":0,"1":0,"2":0,"3":0},"b":{}}
,"/home/milos/Projekti/vue-node-app/frontend/src/components/pagination.vue": {"path":"/home/milos/Projekti/vue-node-app/frontend/src/components/pagination.vue","statementMap":{"0":{"start":{"line":38,"column":0},"end":{"line":null,"column":-1}},"1":{"start":{"line":39,"column":0},"end":{"line":null,"column":-1}},"2":{"start":{"line":42,"column":0},"end":{"line":null,"column":-1}},"3":{"start":{"line":43,"column":0},"end":{"line":null,"column":-1}},"4":{"start":{"line":46,"column":0},"end":{"line":null,"column":-1}},"5":{"start":{"line":47,"column":0},"end":{"line":null,"column":-1}},"6":{"start":{"line":50,"column":0},"end":{"line":null,"column":-1}},"7":{"start":{"line":51,"column":0},"end":{"line":null,"column":-1}},"8":{"start":{"line":54,"column":0},"end":{"line":null,"column":-1}},"9":{"start":{"line":55,"column":0},"end":{"line":null,"column":-1}},"10":{"start":{"line":59,"column":0},"end":{"line":null,"column":-1}},"11":{"start":{"line":60,"column":0},"end":{"line":null,"column":-1}}},"fnMap":{"0":{"name":"changePage","decl":{"start":{"line":37,"column":0},"end":{"line":null,"column":-1}},"loc":{"start":{"line":37,"column":0},"end":{"line":40,"column":0}}},"1":{"name":"changeLimit","decl":{"start":{"line":41,"column":0},"end":{"line":null,"column":-1}},"loc":{"start":{"line":41,"column":0},"end":{"line":48,"column":0}}},"2":{"name":"decreaseTotal","decl":{"start":{"line":49,"column":0},"end":{"line":null,"column":-1}},"loc":{"start":{"line":49,"column":0},"end":{"line":52,"column":0}}},"3":{"name":"calcPage","decl":{"start":{"line":53,"column":0},"end":{"line":null,"column":-1}},"loc":{"start":{"line":53,"column":0},"end":{"line":57,"column":0}}},"4":{"name":"update","decl":{"start":{"line":58,"column":0},"end":{"line":null,"column":-1}},"loc":{"start":{"line":58,"column":0},"end":{"line":61,"column":0}}}},"branchMap":{"0":{"loc":{"start":{"line":42,"column":0},"end":{"line":null,"column":-1}},"type":"cond-expr","locations":[{"start":{"line":42,"column":0},"end":{"line":null,"column":-1}},{"start":{"line":42,"column":0},"end":{"line":null,"column":-1}}]},"1":{"loc":{"start":{"line":43,"column":0},"end":{"line":null,"column":-1}},"type":"if","locations":[{"start":{"line":43,"column":0},"end":{"line":null,"column":-1}},{"start":{"line":43,"column":0},"end":{"line":null,"column":-1}}]},"2":{"loc":{"start":{"line":54,"column":0},"end":{"line":null,"column":-1}},"type":"binary-expr","locations":[{"start":{"line":54,"column":0},"end":{"line":null,"column":-1}},{"start":{"line":54,"column":0},"end":{"line":null,"column":-1}}]},"3":{"loc":{"start":{"line":55,"column":0},"end":{"line":null,"column":-1}},"type":"if","locations":[{"start":{"line":55,"column":0},"end":{"line":null,"column":-1}},{"start":{"line":55,"column":0},"end":{"line":null,"column":-1}}]}},"s":{"0":0,"1":0,"2":0,"3":0,"4":0,"5":0,"6":0,"7":0,"8":0,"9":0,"10":0,"11":0},"f":{"0":0,"1":0,"2":0,"3":0,"4":0},"b":{"0":[0,0],"1":[0,0],"2":[0,0],"3":[0,0]}}
,"/home/milos/Projekti/vue-node-app/frontend/src/components/search-box.vue": {"path":"/home/milos/Projekti/vue-node-app/frontend/src/components/search-box.vue","statementMap":{"0":{"start":{"line":13,"column":0},"end":{"line":null,"column":-1}}},"fnMap":{"0":{"name":"emit","decl":{"start":{"line":12,"column":0},"end":{"line":null,"column":-1}},"loc":{"start":{"line":12,"column":0},"end":{"line":14,"column":0}}}},"branchMap":{},"s":{"0":0},"f":{"0":0},"b":{}}
,"/home/milos/Projekti/vue-node-app/frontend/src/components/headers/edit.vue": {"path":"/home/milos/Projekti/vue-node-app/frontend/src/components/headers/edit.vue","statementMap":{"0":{"start":{"line":20,"column":0},"end":{"line":null,"column":-1}},"1":{"start":{"line":25,"column":0},"end":{"line":null,"column":-1}},"2":{"start":{"line":31,"column":0},"end":{"line":null,"column":-1}}},"fnMap":{"0":{"name":"header","decl":{"start":{"line":19,"column":0},"end":{"line":null,"column":-1}},"loc":{"start":{"line":19,"column":0},"end":{"line":21,"column":0}}},"1":{"name":"goBack","decl":{"start":{"line":24,"column":0},"end":{"line":null,"column":-1}},"loc":{"start":{"line":24,"column":0},"end":{"line":29,"column":0}}},"2":{"name":"save","decl":{"start":{"line":30,"column":0},"end":{"line":null,"column":-1}},"loc":{"start":{"line":30,"column":0},"end":{"line":35,"column":0}}}},"branchMap":{"0":{"loc":{"start":{"line":25,"column":0},"end":{"line":null,"column":-1}},"type":"if","locations":[{"start":{"line":25,"column":0},"end":{"line":null,"column":-1}},{"start":{"line":25,"column":0},"end":{"line":null,"column":-1}}]},"1":{"loc":{"start":{"line":31,"column":0},"end":{"line":null,"column":-1}},"type":"if","locations":[{"start":{"line":31,"column":0},"end":{"line":null,"column":-1}},{"start":{"line":31,"column":0},"end":{"line":null,"column":-1}}]}},"s":{"0":0,"1":0,"2":0},"f":{"0":0,"1":0,"2":0},"b":{"0":[0,0],"1":[0,0]}}
,"/home/milos/Projekti/vue-node-app/frontend/src/components/headers/main.vue": {"path":"/home/milos/Projekti/vue-node-app/frontend/src/components/headers/main.vue","statementMap":{"0":{"start":{"line":17,"column":0},"end":{"line":null,"column":-1}},"1":{"start":{"line":22,"column":0},"end":{"line":null,"column":-1}},"2":{"start":{"line":23,"column":0},"end":{"line":null,"column":-1}},"3":{"start":{"line":24,"column":0},"end":{"line":null,"column":-1}}},"fnMap":{"0":{"name":"header","decl":{"start":{"line":16,"column":0},"end":{"line":null,"column":-1}},"loc":{"start":{"line":16,"column":0},"end":{"line":18,"column":0}}},"1":{"name":"logout","decl":{"start":{"line":21,"column":0},"end":{"line":null,"column":-1}},"loc":{"start":{"line":21,"column":0},"end":{"line":30,"column":0}}}},"branchMap":{},"s":{"0":0,"1":0,"2":0,"3":0},"f":{"0":0,"1":0},"b":{}}
,"/home/milos/Projekti/vue-node-app/frontend/src/views/dashboard.vue": {"path":"/home/milos/Projekti/vue-node-app/frontend/src/views/dashboard.vue","statementMap":{"0":{"start":{"line":22,"column":0},"end":{"line":null,"column":-1}},"1":{"start":{"line":30,"column":0},"end":{"line":null,"column":-1}},"2":{"start":{"line":33,"column":0},"end":{"line":null,"column":-1}},"3":{"start":{"line":34,"column":0},"end":{"line":null,"column":-1}},"4":{"start":{"line":35,"column":0},"end":{"line":null,"column":-1}}},"fnMap":{"0":{"name":"mounted","decl":{"start":{"line":21,"column":0},"end":{"line":null,"column":-1}},"loc":{"start":{"line":21,"column":0},"end":{"line":26,"column":0}}},"1":{"name":"toggleMenu","decl":{"start":{"line":29,"column":0},"end":{"line":null,"column":-1}},"loc":{"start":{"line":29,"column":0},"end":{"line":31,"column":0}}},"2":{"name":"changeToken","decl":{"start":{"line":32,"column":0},"end":{"line":null,"column":-1}},"loc":{"start":{"line":32,"column":0},"end":{"line":36,"column":0}}}},"branchMap":{},"s":{"0":0,"1":0,"2":0,"3":0,"4":0},"f":{"0":0,"1":0,"2":0},"b":{}}
,"/home/milos/Projekti/vue-node-app/frontend/src/views/signin.vue": {"path":"/home/milos/Projekti/vue-node-app/frontend/src/views/signin.vue","statementMap":{"0":{"start":{"line":26,"column":0},"end":{"line":null,"column":-1}},"1":{"start":{"line":31,"column":0},"end":{"line":null,"column":-1}},"2":{"start":{"line":43,"column":0},"end":{"line":null,"column":-1}},"3":{"start":{"line":48,"column":0},"end":{"line":null,"column":-1}},"4":{"start":{"line":49,"column":0},"end":{"line":55,"column":0}},"5":{"start":{"line":50,"column":0},"end":{"line":54,"column":0}},"6":{"start":{"line":51,"column":0},"end":{"line":53,"column":0}},"7":{"start":{"line":52,"column":0},"end":{"line":null,"column":-1}}},"fnMap":{"0":{"name":"data","decl":{"start":{"line":30,"column":0},"end":{"line":null,"column":-1}},"loc":{"start":{"line":30,"column":0},"end":{"line":41,"column":0}}},"1":{"name":"mounted","decl":{"start":{"line":42,"column":0},"end":{"line":null,"column":-1}},"loc":{"start":{"line":42,"column":0},"end":{"line":46,"column":0}}},"2":{"name":"login","decl":{"start":{"line":48,"column":0},"end":{"line":null,"column":-1}},"loc":{"start":{"line":48,"column":0},"end":{"line":56,"column":0}}},"3":{"name":"(anonymous_5)","decl":{"start":{"line":49,"column":0},"end":{"line":null,"column":-1}},"loc":{"start":{"line":49,"column":0},"end":{"line":55,"column":0}}},"4":{"name":"(anonymous_6)","decl":{"start":{"line":51,"column":0},"end":{"line":null,"column":-1}},"loc":{"start":{"line":51,"column":0},"end":{"line":53,"column":0}}}},"branchMap":{"0":{"loc":{"start":{"line":50,"column":0},"end":{"line":54,"column":0}},"type":"if","locations":[{"start":{"line":50,"column":0},"end":{"line":54,"column":0}},{"start":{"line":50,"column":0},"end":{"line":54,"column":0}}]}},"s":{"0":0,"1":0,"2":0,"3":0,"4":0,"5":0,"6":0,"7":0},"f":{"0":0,"1":0,"2":0,"3":0,"4":0},"b":{"0":[0,0]}}
,"/home/milos/Projekti/vue-node-app/frontend/src/views/countries/edit.vue": {"path":"/home/milos/Projekti/vue-node-app/frontend/src/views/countries/edit.vue","statementMap":{"0":{"start":{"line":51,"column":0},"end":{"line":null,"column":-1}},"1":{"start":{"line":71,"column":0},"end":{"line":null,"column":-1}},"2":{"start":{"line":72,"column":0},"end":{"line":null,"column":-1}},"3":{"start":{"line":74,"column":0},"end":{"line":null,"column":-1}},"4":{"start":{"line":80,"column":0},"end":{"line":null,"column":-1}},"5":{"start":{"line":84,"column":0},"end":{"line":null,"column":-1}},"6":{"start":{"line":85,"column":0},"end":{"line":91,"column":0}},"7":{"start":{"line":86,"column":0},"end":{"line":null,"column":-1}},"8":{"start":{"line":88,"column":0},"end":{"line":null,"column":-1}},"9":{"start":{"line":90,"column":0},"end":{"line":null,"column":-1}},"10":{"start":{"line":93,"column":0},"end":{"line":null,"column":-1}},"11":{"start":{"line":94,"column":0},"end":{"line":113,"column":0}},"12":{"start":{"line":95,"column":0},"end":{"line":112,"column":0}},"13":{"start":{"line":96,"column":0},"end":{"line":null,"column":-1}},"14":{"start":{"line":98,"column":0},"end":{"line":111,"column":0}},"15":{"start":{"line":99,"column":0},"end":{"line":103,"column":0}},"16":{"start":{"line":100,"column":0},"end":{"line":null,"column":-1}},"17":{"start":{"line":102,"column":0},"end":{"line":null,"column":-1}},"18":{"start":{"line":106,"column":0},"end":{"line":110,"column":0}},"19":{"start":{"line":107,"column":0},"end":{"line":null,"column":-1}},"20":{"start":{"line":109,"column":0},"end":{"line":null,"column":-1}}},"fnMap":{"0":{"name":"data","decl":{"start":{"line":50,"column":0},"end":{"line":null,"column":-1}},"loc":{"start":{"line":50,"column":0},"end":{"line":69,"column":0}}},"1":{"name":"mounted","decl":{"start":{"line":70,"column":0},"end":{"line":null,"column":-1}},"loc":{"start":{"line":70,"column":0},"end":{"line":82,"column":0}}},"2":{"name":"getCountry","decl":{"start":{"line":84,"column":0},"end":{"line":null,"column":-1}},"loc":{"start":{"line":84,"column":0},"end":{"line":92,"column":0}}},"3":{"name":"(anonymous_5)","decl":{"start":{"line":85,"column":0},"end":{"line":null,"column":-1}},"loc":{"start":{"line":85,"column":0},"end":{"line":87,"column":0}}},"4":{"name":"(anonymous_6)","decl":{"start":{"line":87,"column":0},"end":{"line":null,"column":-1}},"loc":{"start":{"line":87,"column":0},"end":{"line":89,"column":0}}},"5":{"name":"(anonymous_7)","decl":{"start":{"line":89,"column":0},"end":{"line":null,"column":-1}},"loc":{"start":{"line":89,"column":0},"end":{"line":91,"column":0}}},"6":{"name":"saveCountry","decl":{"start":{"line":93,"column":0},"end":{"line":null,"column":-1}},"loc":{"start":{"line":93,"column":0},"end":{"line":114,"column":0}}},"7":{"name":"(anonymous_9)","decl":{"start":{"line":94,"column":0},"end":{"line":null,"column":-1}},"loc":{"start":{"line":94,"column":0},"end":{"line":113,"column":0}}},"8":{"name":"(anonymous_10)","decl":{"start":{"line":99,"column":0},"end":{"line":null,"column":-1}},"loc":{"start":{"line":99,"column":0},"end":{"line":101,"column":0}}},"9":{"name":"(anonymous_11)","decl":{"start":{"line":101,"column":0},"end":{"line":null,"column":-1}},"loc":{"start":{"line":101,"column":0},"end":{"line":103,"column":0}}},"10":{"name":"(anonymous_12)","decl":{"start":{"line":106,"column":0},"end":{"line":null,"column":-1}},"loc":{"start":{"line":106,"column":0},"end":{"line":108,"column":0}}},"11":{"name":"(anonymous_13)","decl":{"start":{"line":108,"column":0},"end":{"line":null,"column":-1}},"loc":{"start":{"line":108,"column":0},"end":{"line":110,"column":0}}}},"branchMap":{"0":{"loc":{"start":{"line":76,"column":0},"end":{"line":null,"column":-1}},"type":"cond-expr","locations":[{"start":{"line":76,"column":0},"end":{"line":null,"column":-1}},{"start":{"line":76,"column":0},"end":{"line":null,"column":-1}}]},"1":{"loc":{"start":{"line":80,"column":0},"end":{"line":null,"column":-1}},"type":"if","locations":[{"start":{"line":80,"column":0},"end":{"line":null,"column":-1}},{"start":{"line":80,"column":0},"end":{"line":null,"column":-1}}]},"2":{"loc":{"start":{"line":95,"column":0},"end":{"line":112,"column":0}},"type":"if","locations":[{"start":{"line":95,"column":0},"end":{"line":112,"column":0}},{"start":{"line":95,"column":0},"end":{"line":112,"column":0}}]},"3":{"loc":{"start":{"line":98,"column":0},"end":{"line":111,"column":0}},"type":"if","locations":[{"start":{"line":98,"column":0},"end":{"line":111,"column":0}},{"start":{"line":98,"column":0},"end":{"line":111,"column":0}}]}},"s":{"0":0,"1":0,"2":0,"3":0,"4":0,"5":0,"6":0,"7":0,"8":0,"9":0,"10":0,"11":0,"12":0,"13":0,"14":0,"15":0,"16":0,"17":0,"18":0,"19":0,"20":0},"f":{"0":0,"1":0,"2":0,"3":0,"4":0,"5":0,"6":0,"7":0,"8":0,"9":0,"10":0,"11":0},"b":{"0":[0,0],"1":[0,0],"2":[0,0],"3":[0,0]}}
,"/home/milos/Projekti/vue-node-app/frontend/src/views/countries/list.vue": {"path":"/home/milos/Projekti/vue-node-app/frontend/src/views/countries/list.vue","statementMap":{"0":{"start":{"line":107,"column":0},"end":{"line":null,"column":-1}},"1":{"start":{"line":120,"column":0},"end":{"line":null,"column":-1}},"2":{"start":{"line":124,"column":0},"end":{"line":null,"column":-1}},"3":{"start":{"line":125,"column":0},"end":{"line":null,"column":-1}},"4":{"start":{"line":128,"column":0},"end":{"line":null,"column":-1}},"5":{"start":{"line":129,"column":0},"end":{"line":null,"column":-1}},"6":{"start":{"line":134,"column":0},"end":{"line":null,"column":-1}},"7":{"start":{"line":137,"column":0},"end":{"line":null,"column":-1}},"8":{"start":{"line":138,"column":0},"end":{"line":149,"column":0}},"9":{"start":{"line":139,"column":0},"end":{"line":null,"column":-1}},"10":{"start":{"line":141,"column":0},"end":{"line":null,"column":-1}},"11":{"start":{"line":142,"column":0},"end":{"line":null,"column":-1}},"12":{"start":{"line":143,"column":0},"end":{"line":null,"column":-1}},"13":{"start":{"line":144,"column":0},"end":{"line":null,"column":-1}},"14":{"start":{"line":145,"column":0},"end":{"line":null,"column":-1}},"15":{"start":{"line":146,"column":0},"end":{"line":null,"column":-1}},"16":{"start":{"line":148,"column":0},"end":{"line":null,"column":-1}},"17":{"start":{"line":152,"column":0},"end":{"line":null,"column":-1}},"18":{"start":{"line":153,"column":0},"end":{"line":null,"column":-1}},"19":{"start":{"line":156,"column":0},"end":{"line":null,"column":-1}},"20":{"start":{"line":157,"column":0},"end":{"line":null,"column":-1}},"21":{"start":{"line":159,"column":0},"end":{"line":null,"column":-1}},"22":{"start":{"line":160,"column":0},"end":{"line":165,"column":0}},"23":{"start":{"line":161,"column":0},"end":{"line":null,"column":-1}},"24":{"start":{"line":162,"column":0},"end":{"line":null,"column":-1}},"25":{"start":{"line":164,"column":0},"end":{"line":null,"column":-1}}},"fnMap":{"0":{"name":"data","decl":{"start":{"line":106,"column":0},"end":{"line":null,"column":-1}},"loc":{"start":{"line":106,"column":0},"end":{"line":118,"column":0}}},"1":{"name":"mounted","decl":{"start":{"line":119,"column":0},"end":{"line":null,"column":-1}},"loc":{"start":{"line":119,"column":0},"end":{"line":126,"column":0}}},"2":{"name":"getCountries","decl":{"start":{"line":128,"column":0},"end":{"line":null,"column":-1}},"loc":{"start":{"line":128,"column":0},"end":{"line":150,"column":0}}},"3":{"name":"(anonymous_5)","decl":{"start":{"line":138,"column":0},"end":{"line":null,"column":-1}},"loc":{"start":{"line":138,"column":0},"end":{"line":140,"column":0}}},"4":{"name":"(anonymous_6)","decl":{"start":{"line":140,"column":0},"end":{"line":null,"column":-1}},"loc":{"start":{"line":140,"column":0},"end":{"line":147,"column":0}}},"5":{"name":"(anonymous_7)","decl":{"start":{"line":147,"column":0},"end":{"line":null,"column":-1}},"loc":{"start":{"line":147,"column":0},"end":{"line":149,"column":0}}},"6":{"name":"getCountriesBySearch","decl":{"start":{"line":151,"column":0},"end":{"line":null,"column":-1}},"loc":{"start":{"line":151,"column":0},"end":{"line":154,"column":0}}},"7":{"name":"edit","decl":{"start":{"line":155,"column":0},"end":{"line":null,"column":-1}},"loc":{"start":{"line":155,"column":0},"end":{"line":158,"column":0}}},"8":{"name":"deleteCountry","decl":{"start":{"line":159,"column":0},"end":{"line":null,"column":-1}},"loc":{"start":{"line":159,"column":0},"end":{"line":166,"column":0}}},"9":{"name":"(anonymous_11)","decl":{"start":{"line":160,"column":0},"end":{"line":null,"column":-1}},"loc":{"start":{"line":160,"column":0},"end":{"line":163,"column":0}}},"10":{"name":"(anonymous_12)","decl":{"start":{"line":163,"column":0},"end":{"line":null,"column":-1}},"loc":{"start":{"line":163,"column":0},"end":{"line":165,"column":0}}}},"branchMap":{"0":{"loc":{"start":{"line":134,"column":0},"end":{"line":null,"column":-1}},"type":"if","locations":[{"start":{"line":134,"column":0},"end":{"line":null,"column":-1}},{"start":{"line":134,"column":0},"end":{"line":null,"column":-1}}]}},"s":{"0":0,"1":0,"2":0,"3":0,"4":0,"5":0,"6":0,"7":0,"8":0,"9":0,"10":0,"11":0,"12":0,"13":0,"14":0,"15":0,"16":0,"17":0,"18":0,"19":0,"20":0,"21":0,"22":0,"23":0,"24":0,"25":0},"f":{"0":0,"1":0,"2":0,"3":0,"4":0,"5":0,"6":0,"7":0,"8":0,"9":0,"10":0},"b":{"0":[0,0]}}
,"/home/milos/Projekti/vue-node-app/frontend/src/views/image-cropper/cropper.vue": {"path":"/home/milos/Projekti/vue-node-app/frontend/src/views/image-cropper/cropper.vue","statementMap":{"0":{"start":{"line":71,"column":0},"end":{"line":null,"column":-1}},"1":{"start":{"line":76,"column":0},"end":{"line":null,"column":-1}},"2":{"start":{"line":86,"column":0},"end":{"line":null,"column":-1}},"3":{"start":{"line":93,"column":0},"end":{"line":null,"column":-1}},"4":{"start":{"line":95,"column":0},"end":{"line":null,"column":-1}},"5":{"start":{"line":96,"column":0},"end":{"line":114,"column":0}},"6":{"start":{"line":97,"column":0},"end":{"line":null,"column":-1}},"7":{"start":{"line":98,"column":0},"end":{"line":null,"column":-1}},"8":{"start":{"line":100,"column":0},"end":{"line":111,"column":0}},"9":{"start":{"line":101,"column":0},"end":{"line":null,"column":-1}},"10":{"start":{"line":102,"column":0},"end":{"line":null,"column":-1}},"11":{"start":{"line":104,"column":0},"end":{"line":null,"column":-1}},"12":{"start":{"line":113,"column":0},"end":{"line":null,"column":-1}},"13":{"start":{"line":116,"column":0},"end":{"line":null,"column":-1}},"14":{"start":{"line":117,"column":0},"end":{"line":125,"column":0}},"15":{"start":{"line":118,"column":0},"end":{"line":null,"column":-1}},"16":{"start":{"line":123,"column":0},"end":{"line":null,"column":-1}},"17":{"start":{"line":124,"column":0},"end":{"line":null,"column":-1}},"18":{"start":{"line":128,"column":0},"end":{"line":null,"column":-1}},"19":{"start":{"line":132,"column":0},"end":{"line":135,"column":0}},"20":{"start":{"line":133,"column":0},"end":{"line":null,"column":-1}},"21":{"start":{"line":134,"column":0},"end":{"line":null,"column":-1}},"22":{"start":{"line":138,"column":0},"end":{"line":141,"column":0}},"23":{"start":{"line":139,"column":0},"end":{"line":null,"column":-1}},"24":{"start":{"line":140,"column":0},"end":{"line":null,"column":-1}},"25":{"start":{"line":144,"column":0},"end":{"line":null,"column":-1}},"26":{"start":{"line":147,"column":0},"end":{"line":null,"column":-1}},"27":{"start":{"line":151,"column":0},"end":{"line":null,"column":-1}},"28":{"start":{"line":155,"column":0},"end":{"line":null,"column":-1}},"29":{"start":{"line":159,"column":0},"end":{"line":null,"column":-1}}},"fnMap":{"0":{"name":"data","decl":{"start":{"line":75,"column":0},"end":{"line":null,"column":-1}},"loc":{"start":{"line":75,"column":0},"end":{"line":84,"column":0}}},"1":{"name":"mounted","decl":{"start":{"line":85,"column":0},"end":{"line":null,"column":-1}},"loc":{"start":{"line":85,"column":0},"end":{"line":90,"column":0}}},"2":{"name":"chooseImage","decl":{"start":{"line":92,"column":0},"end":{"line":null,"column":-1}},"loc":{"start":{"line":92,"column":0},"end":{"line":94,"column":0}}},"3":{"name":"openImage","decl":{"start":{"line":95,"column":0},"end":{"line":null,"column":-1}},"loc":{"start":{"line":95,"column":0},"end":{"line":115,"column":0}}},"4":{"name":"(anonymous_6)","decl":{"start":{"line":100,"column":0},"end":{"line":null,"column":-1}},"loc":{"start":{"line":100,"column":0},"end":{"line":111,"column":0}}},"5":{"name":"resetCropper","decl":{"start":{"line":116,"column":0},"end":{"line":null,"column":-1}},"loc":{"start":{"line":116,"column":0},"end":{"line":126,"column":0}}},"6":{"name":"changeAspectRatio","decl":{"start":{"line":127,"column":0},"end":{"line":null,"column":-1}},"loc":{"start":{"line":127,"column":0},"end":{"line":130,"column":0}}},"7":{"name":"flipHorizontal","decl":{"start":{"line":131,"column":0},"end":{"line":null,"column":-1}},"loc":{"start":{"line":131,"column":0},"end":{"line":136,"column":0}}},"8":{"name":"flipVertical","decl":{"start":{"line":137,"column":0},"end":{"line":null,"column":-1}},"loc":{"start":{"line":137,"column":0},"end":{"line":142,"column":0}}},"9":{"name":"scale","decl":{"start":{"line":143,"column":0},"end":{"line":null,"column":-1}},"loc":{"start":{"line":143,"column":0},"end":{"line":145,"column":0}}},"10":{"name":"zoomIn","decl":{"start":{"line":146,"column":0},"end":{"line":null,"column":-1}},"loc":{"start":{"line":146,"column":0},"end":{"line":149,"column":0}}},"11":{"name":"zoomOut","decl":{"start":{"line":150,"column":0},"end":{"line":null,"column":-1}},"loc":{"start":{"line":150,"column":0},"end":{"line":153,"column":0}}},"12":{"name":"rotateLeft","decl":{"start":{"line":154,"column":0},"end":{"line":null,"column":-1}},"loc":{"start":{"line":154,"column":0},"end":{"line":157,"column":0}}},"13":{"name":"rotateRight","decl":{"start":{"line":158,"column":0},"end":{"line":null,"column":-1}},"loc":{"start":{"line":158,"column":0},"end":{"line":161,"column":0}}}},"branchMap":{"0":{"loc":{"start":{"line":96,"column":0},"end":{"line":114,"column":0}},"type":"if","locations":[{"start":{"line":96,"column":0},"end":{"line":114,"column":0}},{"start":{"line":96,"column":0},"end":{"line":114,"column":0}}]},"1":{"loc":{"start":{"line":116,"column":0},"end":{"line":null,"column":-1}},"type":"cond-expr","locations":[{"start":{"line":116,"column":0},"end":{"line":null,"column":-1}},{"start":{"line":116,"column":0},"end":{"line":null,"column":-1}}]},"2":{"loc":{"start":{"line":117,"column":0},"end":{"line":125,"column":0}},"type":"if","locations":[{"start":{"line":117,"column":0},"end":{"line":125,"column":0}},{"start":{"line":117,"column":0},"end":{"line":125,"column":0}}]},"3":{"loc":{"start":{"line":118,"column":0},"end":{"line":null,"column":-1}},"type":"if","locations":[{"start":{"line":118,"column":0},"end":{"line":null,"column":-1}},{"start":{"line":118,"column":0},"end":{"line":null,"column":-1}}]},"4":{"loc":{"start":{"line":128,"column":0},"end":{"line":null,"column":-1}},"type":"if","locations":[{"start":{"line":128,"column":0},"end":{"line":null,"column":-1}},{"start":{"line":128,"column":0},"end":{"line":null,"column":-1}}]},"5":{"loc":{"start":{"line":132,"column":0},"end":{"line":135,"column":0}},"type":"if","locations":[{"start":{"line":132,"column":0},"end":{"line":135,"column":0}},{"start":{"line":132,"column":0},"end":{"line":135,"column":0}}]},"6":{"loc":{"start":{"line":138,"column":0},"end":{"line":141,"column":0}},"type":"if","locations":[{"start":{"line":138,"column":0},"end":{"line":141,"column":0}},{"start":{"line":138,"column":0},"end":{"line":141,"column":0}}]},"7":{"loc":{"start":{"line":147,"column":0},"end":{"line":null,"column":-1}},"type":"if","locations":[{"start":{"line":147,"column":0},"end":{"line":null,"column":-1}},{"start":{"line":147,"column":0},"end":{"line":null,"column":-1}}]},"8":{"loc":{"start":{"line":151,"column":0},"end":{"line":null,"column":-1}},"type":"if","locations":[{"start":{"line":151,"column":0},"end":{"line":null,"column":-1}},{"start":{"line":151,"column":0},"end":{"line":null,"column":-1}}]},"9":{"loc":{"start":{"line":155,"column":0},"end":{"line":null,"column":-1}},"type":"if","locations":[{"start":{"line":155,"column":0},"end":{"line":null,"column":-1}},{"start":{"line":155,"column":0},"end":{"line":null,"column":-1}}]},"10":{"loc":{"start":{"line":159,"column":0},"end":{"line":null,"column":-1}},"type":"if","locations":[{"start":{"line":159,"column":0},"end":{"line":null,"column":-1}},{"start":{"line":159,"column":0},"end":{"line":null,"column":-1}}]}},"s":{"0":0,"1":0,"2":0,"3":0,"4":0,"5":0,"6":0,"7":0,"8":0,"9":0,"10":0,"11":0,"12":0,"13":0,"14":0,"15":0,"16":0,"17":0,"18":0,"19":0,"20":0,"21":0,"22":0,"23":0,"24":0,"25":0,"26":0,"27":0,"28":0,"29":0},"f":{"0":0,"1":0,"2":0,"3":0,"4":0,"5":0,"6":0,"7":0,"8":0,"9":0,"10":0,"11":0,"12":0,"13":0},"b":{"0":[0,0],"1":[0,0],"2":[0,0],"3":[0,0],"4":[0,0],"5":[0,0],"6":[0,0],"7":[0,0],"8":[0,0],"9":[0,0],"10":[0,0]}}
,"/home/milos/Projekti/vue-node-app/frontend/src/views/languages/edit.vue": {"path":"/home/milos/Projekti/vue-node-app/frontend/src/views/languages/edit.vue","statementMap":{"0":{"start":{"line":34,"column":0},"end":{"line":null,"column":-1}},"1":{"start":{"line":50,"column":0},"end":{"line":null,"column":-1}},"2":{"start":{"line":51,"column":0},"end":{"line":null,"column":-1}},"3":{"start":{"line":53,"column":0},"end":{"line":null,"column":-1}},"4":{"start":{"line":59,"column":0},"end":{"line":null,"column":-1}},"5":{"start":{"line":63,"column":0},"end":{"line":null,"column":-1}},"6":{"start":{"line":64,"column":0},"end":{"line":70,"column":0}},"7":{"start":{"line":65,"column":0},"end":{"line":null,"column":-1}},"8":{"start":{"line":67,"column":0},"end":{"line":null,"column":-1}},"9":{"start":{"line":69,"column":0},"end":{"line":null,"column":-1}},"10":{"start":{"line":72,"column":0},"end":{"line":null,"column":-1}},"11":{"start":{"line":73,"column":0},"end":{"line":92,"column":0}},"12":{"start":{"line":74,"column":0},"end":{"line":91,"column":0}},"13":{"start":{"line":75,"column":0},"end":{"line":null,"column":-1}},"14":{"start":{"line":77,"column":0},"end":{"line":90,"column":0}},"15":{"start":{"line":78,"column":0},"end":{"line":82,"column":0}},"16":{"start":{"line":79,"column":0},"end":{"line":null,"column":-1}},"17":{"start":{"line":81,"column":0},"end":{"line":null,"column":-1}},"18":{"start":{"line":85,"column":0},"end":{"line":89,"column":0}},"19":{"start":{"line":86,"column":0},"end":{"line":null,"column":-1}},"20":{"start":{"line":88,"column":0},"end":{"line":null,"column":-1}}},"fnMap":{"0":{"name":"data","decl":{"start":{"line":33,"column":0},"end":{"line":null,"column":-1}},"loc":{"start":{"line":33,"column":0},"end":{"line":48,"column":0}}},"1":{"name":"mounted","decl":{"start":{"line":49,"column":0},"end":{"line":null,"column":-1}},"loc":{"start":{"line":49,"column":0},"end":{"line":61,"column":0}}},"2":{"name":"getLanguage","decl":{"start":{"line":63,"column":0},"end":{"line":null,"column":-1}},"loc":{"start":{"line":63,"column":0},"end":{"line":71,"column":0}}},"3":{"name":"(anonymous_5)","decl":{"start":{"line":64,"column":0},"end":{"line":null,"column":-1}},"loc":{"start":{"line":64,"column":0},"end":{"line":66,"column":0}}},"4":{"name":"(anonymous_6)","decl":{"start":{"line":66,"column":0},"end":{"line":null,"column":-1}},"loc":{"start":{"line":66,"column":0},"end":{"line":68,"column":0}}},"5":{"name":"(anonymous_7)","decl":{"start":{"line":68,"column":0},"end":{"line":null,"column":-1}},"loc":{"start":{"line":68,"column":0},"end":{"line":70,"column":0}}},"6":{"name":"saveLanguage","decl":{"start":{"line":72,"column":0},"end":{"line":null,"column":-1}},"loc":{"start":{"line":72,"column":0},"end":{"line":93,"column":0}}},"7":{"name":"(anonymous_9)","decl":{"start":{"line":73,"column":0},"end":{"line":null,"column":-1}},"loc":{"start":{"line":73,"column":0},"end":{"line":92,"column":0}}},"8":{"name":"(anonymous_10)","decl":{"start":{"line":78,"column":0},"end":{"line":null,"column":-1}},"loc":{"start":{"line":78,"column":0},"end":{"line":80,"column":0}}},"9":{"name":"(anonymous_11)","decl":{"start":{"line":80,"column":0},"end":{"line":null,"column":-1}},"loc":{"start":{"line":80,"column":0},"end":{"line":82,"column":0}}},"10":{"name":"(anonymous_12)","decl":{"start":{"line":85,"column":0},"end":{"line":null,"column":-1}},"loc":{"start":{"line":85,"column":0},"end":{"line":87,"column":0}}},"11":{"name":"(anonymous_13)","decl":{"start":{"line":87,"column":0},"end":{"line":null,"column":-1}},"loc":{"start":{"line":87,"column":0},"end":{"line":89,"column":0}}}},"branchMap":{"0":{"loc":{"start":{"line":55,"column":0},"end":{"line":null,"column":-1}},"type":"cond-expr","locations":[{"start":{"line":55,"column":0},"end":{"line":null,"column":-1}},{"start":{"line":55,"column":0},"end":{"line":null,"column":-1}}]},"1":{"loc":{"start":{"line":59,"column":0},"end":{"line":null,"column":-1}},"type":"if","locations":[{"start":{"line":59,"column":0},"end":{"line":null,"column":-1}},{"start":{"line":59,"column":0},"end":{"line":null,"column":-1}}]},"2":{"loc":{"start":{"line":74,"column":0},"end":{"line":91,"column":0}},"type":"if","locations":[{"start":{"line":74,"column":0},"end":{"line":91,"column":0}},{"start":{"line":74,"column":0},"end":{"line":91,"column":0}}]},"3":{"loc":{"start":{"line":77,"column":0},"end":{"line":90,"column":0}},"type":"if","locations":[{"start":{"line":77,"column":0},"end":{"line":90,"column":0}},{"start":{"line":77,"column":0},"end":{"line":90,"column":0}}]}},"s":{"0":0,"1":0,"2":0,"3":0,"4":0,"5":0,"6":0,"7":0,"8":0,"9":0,"10":0,"11":0,"12":0,"13":0,"14":0,"15":0,"16":0,"17":0,"18":0,"19":0,"20":0},"f":{"0":0,"1":0,"2":0,"3":0,"4":0,"5":0,"6":0,"7":0,"8":0,"9":0,"10":0,"11":0},"b":{"0":[0,0],"1":[0,0],"2":[0,0],"3":[0,0]}}
,"/home/milos/Projekti/vue-node-app/frontend/src/views/languages/list.vue": {"path":"/home/milos/Projekti/vue-node-app/frontend/src/views/languages/list.vue","statementMap":{"0":{"start":{"line":86,"column":0},"end":{"line":null,"column":-1}},"1":{"start":{"line":99,"column":0},"end":{"line":null,"column":-1}},"2":{"start":{"line":103,"column":0},"end":{"line":null,"column":-1}},"3":{"start":{"line":104,"column":0},"end":{"line":null,"column":-1}},"4":{"start":{"line":107,"column":0},"end":{"line":null,"column":-1}},"5":{"start":{"line":108,"column":0},"end":{"line":null,"column":-1}},"6":{"start":{"line":113,"column":0},"end":{"line":null,"column":-1}},"7":{"start":{"line":116,"column":0},"end":{"line":null,"column":-1}},"8":{"start":{"line":117,"column":0},"end":{"line":128,"column":0}},"9":{"start":{"line":118,"column":0},"end":{"line":null,"column":-1}},"10":{"start":{"line":120,"column":0},"end":{"line":null,"column":-1}},"11":{"start":{"line":121,"column":0},"end":{"line":null,"column":-1}},"12":{"start":{"line":122,"column":0},"end":{"line":null,"column":-1}},"13":{"start":{"line":123,"column":0},"end":{"line":null,"column":-1}},"14":{"start":{"line":124,"column":0},"end":{"line":null,"column":-1}},"15":{"start":{"line":125,"column":0},"end":{"line":null,"column":-1}},"16":{"start":{"line":127,"column":0},"end":{"line":null,"column":-1}},"17":{"start":{"line":131,"column":0},"end":{"line":null,"column":-1}},"18":{"start":{"line":132,"column":0},"end":{"line":null,"column":-1}},"19":{"start":{"line":135,"column":0},"end":{"line":null,"column":-1}},"20":{"start":{"line":136,"column":0},"end":{"line":null,"column":-1}},"21":{"start":{"line":138,"column":0},"end":{"line":null,"column":-1}},"22":{"start":{"line":139,"column":0},"end":{"line":144,"column":0}},"23":{"start":{"line":140,"column":0},"end":{"line":null,"column":-1}},"24":{"start":{"line":141,"column":0},"end":{"line":null,"column":-1}},"25":{"start":{"line":143,"column":0},"end":{"line":null,"column":-1}}},"fnMap":{"0":{"name":"data","decl":{"start":{"line":85,"column":0},"end":{"line":null,"column":-1}},"loc":{"start":{"line":85,"column":0},"end":{"line":97,"column":0}}},"1":{"name":"mounted","decl":{"start":{"line":98,"column":0},"end":{"line":null,"column":-1}},"loc":{"start":{"line":98,"column":0},"end":{"line":105,"column":0}}},"2":{"name":"getLanguages","decl":{"start":{"line":107,"column":0},"end":{"line":null,"column":-1}},"loc":{"start":{"line":107,"column":0},"end":{"line":129,"column":0}}},"3":{"name":"(anonymous_5)","decl":{"start":{"line":117,"column":0},"end":{"line":null,"column":-1}},"loc":{"start":{"line":117,"column":0},"end":{"line":119,"column":0}}},"4":{"name":"(anonymous_6)","decl":{"start":{"line":119,"column":0},"end":{"line":null,"column":-1}},"loc":{"start":{"line":119,"column":0},"end":{"line":126,"column":0}}},"5":{"name":"(anonymous_7)","decl":{"start":{"line":126,"column":0},"end":{"line":null,"column":-1}},"loc":{"start":{"line":126,"column":0},"end":{"line":128,"column":0}}},"6":{"name":"getLanguagesBySearch","decl":{"start":{"line":130,"column":0},"end":{"line":null,"column":-1}},"loc":{"start":{"line":130,"column":0},"end":{"line":133,"column":0}}},"7":{"name":"edit","decl":{"start":{"line":134,"column":0},"end":{"line":null,"column":-1}},"loc":{"start":{"line":134,"column":0},"end":{"line":137,"column":0}}},"8":{"name":"deleteLanguage","decl":{"start":{"line":138,"column":0},"end":{"line":null,"column":-1}},"loc":{"start":{"line":138,"column":0},"end":{"line":145,"column":0}}},"9":{"name":"(anonymous_11)","decl":{"start":{"line":139,"column":0},"end":{"line":null,"column":-1}},"loc":{"start":{"line":139,"column":0},"end":{"line":142,"column":0}}},"10":{"name":"(anonymous_12)","decl":{"start":{"line":142,"column":0},"end":{"line":null,"column":-1}},"loc":{"start":{"line":142,"column":0},"end":{"line":144,"column":0}}}},"branchMap":{"0":{"loc":{"start":{"line":113,"column":0},"end":{"line":null,"column":-1}},"type":"if","locations":[{"start":{"line":113,"column":0},"end":{"line":null,"column":-1}},{"start":{"line":113,"column":0},"end":{"line":null,"column":-1}}]}},"s":{"0":0,"1":0,"2":0,"3":0,"4":0,"5":0,"6":0,"7":0,"8":0,"9":0,"10":0,"11":0,"12":0,"13":0,"14":0,"15":0,"16":0,"17":0,"18":0,"19":0,"20":0,"21":0,"22":0,"23":0,"24":0,"25":0},"f":{"0":0,"1":0,"2":0,"3":0,"4":0,"5":0,"6":0,"7":0,"8":0,"9":0,"10":0},"b":{"0":[0,0]}}
}
