TN:
SF:/home/milos/Projekti/vue-node-app/frontend/src/app.vue
FN:24,header
FNF:1
FNH:0
FNDA:0,header
DA:25,0
LF:1
LH:0
BRF:0
BRH:0
end_of_record
TN:
SF:/home/milos/Projekti/vue-node-app/frontend/src/components/Alert.vue
FN:23,data
FNF:1
FNH:1
FNDA:1,data
DA:24,1
LF:1
LH:1
BRF:0
BRH:0
end_of_record
TN:
SF:/home/milos/Projekti/vue-node-app/frontend/src/components/HelloWorld.vue
FN:89,data
FNF:1
FNH:1
FNDA:1,data
DA:90,1
LF:1
LH:1
BRF:0
BRH:0
end_of_record
TN:
SF:/home/milos/Projekti/vue-node-app/frontend/src/components/navigation.vue
FN:68,isCollapse
FN:72,data
FN:139,toggleCollapse
FN:142,selectMenu
FNF:4
FNH:0
FNDA:0,isCollapse
FNDA:0,data
FNDA:0,toggleCollapse
FNDA:0,selectMenu
DA:69,0
DA:73,0
DA:140,0
DA:144,0
DA:146,0
LF:5
LH:0
BRF:0
BRH:0
end_of_record
TN:
SF:/home/milos/Projekti/vue-node-app/frontend/src/components/pagination.vue
FN:37,changePage
FN:41,changeLimit
FN:49,decreaseTotal
FN:53,calcPage
FN:58,update
FNF:5
FNH:0
FNDA:0,changePage
FNDA:0,changeLimit
FNDA:0,decreaseTotal
FNDA:0,calcPage
FNDA:0,update
DA:38,0
DA:39,0
DA:42,0
DA:43,0
DA:46,0
DA:47,0
DA:50,0
DA:51,0
DA:54,0
DA:55,0
DA:59,0
DA:60,0
LF:12
LH:0
BRDA:42,0,0,0
BRDA:42,0,1,0
BRDA:43,1,0,0
BRDA:43,1,1,0
BRDA:54,2,0,0
BRDA:54,2,1,0
BRDA:55,3,0,0
BRDA:55,3,1,0
BRF:8
BRH:0
end_of_record
TN:
SF:/home/milos/Projekti/vue-node-app/frontend/src/components/search-box.vue
FN:12,emit
FNF:1
FNH:0
FNDA:0,emit
DA:13,0
LF:1
LH:0
BRF:0
BRH:0
end_of_record
TN:
SF:/home/milos/Projekti/vue-node-app/frontend/src/components/headers/edit.vue
FN:19,header
FN:24,goBack
FN:30,save
FNF:3
FNH:0
FNDA:0,header
FNDA:0,goBack
FNDA:0,save
DA:20,0
DA:25,0
DA:31,0
LF:3
LH:0
BRDA:25,0,0,0
BRDA:25,0,1,0
BRDA:31,1,0,0
BRDA:31,1,1,0
BRF:4
BRH:0
end_of_record
TN:
SF:/home/milos/Projekti/vue-node-app/frontend/src/components/headers/main.vue
FN:16,header
FN:21,logout
FNF:2
FNH:0
FNDA:0,header
FNDA:0,logout
DA:17,0
DA:22,0
DA:23,0
DA:24,0
LF:4
LH:0
BRF:0
BRH:0
end_of_record
TN:
SF:/home/milos/Projekti/vue-node-app/frontend/src/views/dashboard.vue
FN:21,mounted
FN:29,toggleMenu
FN:32,changeToken
FNF:3
FNH:0
FNDA:0,mounted
FNDA:0,toggleMenu
FNDA:0,changeToken
DA:22,0
DA:30,0
DA:33,0
DA:34,0
DA:35,0
LF:5
LH:0
BRF:0
BRH:0
end_of_record
TN:
SF:/home/milos/Projekti/vue-node-app/frontend/src/views/signin.vue
FN:30,data
FN:42,mounted
FN:48,login
FN:49,(anonymous_5)
FN:51,(anonymous_6)
FNF:5
FNH:0
FNDA:0,data
FNDA:0,mounted
FNDA:0,login
FNDA:0,(anonymous_5)
FNDA:0,(anonymous_6)
DA:26,0
DA:31,0
DA:43,0
DA:48,0
DA:49,0
DA:50,0
DA:51,0
DA:52,0
LF:8
LH:0
BRDA:50,0,0,0
BRDA:50,0,1,0
BRF:2
BRH:0
end_of_record
TN:
SF:/home/milos/Projekti/vue-node-app/frontend/src/views/countries/edit.vue
FN:50,data
FN:70,mounted
FN:84,getCountry
FN:85,(anonymous_5)
FN:87,(anonymous_6)
FN:89,(anonymous_7)
FN:93,saveCountry
FN:94,(anonymous_9)
FN:99,(anonymous_10)
FN:101,(anonymous_11)
FN:106,(anonymous_12)
FN:108,(anonymous_13)
FNF:12
FNH:0
FNDA:0,data
FNDA:0,mounted
FNDA:0,getCountry
FNDA:0,(anonymous_5)
FNDA:0,(anonymous_6)
FNDA:0,(anonymous_7)
FNDA:0,saveCountry
FNDA:0,(anonymous_9)
FNDA:0,(anonymous_10)
FNDA:0,(anonymous_11)
FNDA:0,(anonymous_12)
FNDA:0,(anonymous_13)
DA:51,0
DA:71,0
DA:72,0
DA:74,0
DA:80,0
DA:84,0
DA:85,0
DA:86,0
DA:88,0
DA:90,0
DA:93,0
DA:94,0
DA:95,0
DA:96,0
DA:98,0
DA:99,0
DA:100,0
DA:102,0
DA:106,0
DA:107,0
DA:109,0
LF:21
LH:0
BRDA:76,0,0,0
BRDA:76,0,1,0
BRDA:80,1,0,0
BRDA:80,1,1,0
BRDA:95,2,0,0
BRDA:95,2,1,0
BRDA:98,3,0,0
BRDA:98,3,1,0
BRF:8
BRH:0
end_of_record
TN:
SF:/home/milos/Projekti/vue-node-app/frontend/src/views/countries/list.vue
FN:106,data
FN:119,mounted
FN:128,getCountries
FN:138,(anonymous_5)
FN:140,(anonymous_6)
FN:147,(anonymous_7)
FN:151,getCountriesBySearch
FN:155,edit
FN:159,deleteCountry
FN:160,(anonymous_11)
FN:163,(anonymous_12)
FNF:11
FNH:0
FNDA:0,data
FNDA:0,mounted
FNDA:0,getCountries
FNDA:0,(anonymous_5)
FNDA:0,(anonymous_6)
FNDA:0,(anonymous_7)
FNDA:0,getCountriesBySearch
FNDA:0,edit
FNDA:0,deleteCountry
FNDA:0,(anonymous_11)
FNDA:0,(anonymous_12)
DA:107,0
DA:120,0
DA:124,0
DA:125,0
DA:128,0
DA:129,0
DA:134,0
DA:137,0
DA:138,0
DA:139,0
DA:141,0
DA:142,0
DA:143,0
DA:144,0
DA:145,0
DA:146,0
DA:148,0
DA:152,0
DA:153,0
DA:156,0
DA:157,0
DA:159,0
DA:160,0
DA:161,0
DA:162,0
DA:164,0
LF:26
LH:0
BRDA:134,0,0,0
BRDA:134,0,1,0
BRF:2
BRH:0
end_of_record
TN:
SF:/home/milos/Projekti/vue-node-app/frontend/src/views/image-cropper/cropper.vue
FN:75,data
FN:85,mounted
FN:92,chooseImage
FN:95,openImage
FN:100,(anonymous_6)
FN:116,resetCropper
FN:127,changeAspectRatio
FN:131,flipHorizontal
FN:137,flipVertical
FN:143,scale
FN:146,zoomIn
FN:150,zoomOut
FN:154,rotateLeft
FN:158,rotateRight
FNF:14
FNH:0
FNDA:0,data
FNDA:0,mounted
FNDA:0,chooseImage
FNDA:0,openImage
FNDA:0,(anonymous_6)
FNDA:0,resetCropper
FNDA:0,changeAspectRatio
FNDA:0,flipHorizontal
FNDA:0,flipVertical
FNDA:0,scale
FNDA:0,zoomIn
FNDA:0,zoomOut
FNDA:0,rotateLeft
FNDA:0,rotateRight
DA:71,0
DA:76,0
DA:86,0
DA:93,0
DA:95,0
DA:96,0
DA:97,0
DA:98,0
DA:100,0
DA:101,0
DA:102,0
DA:104,0
DA:113,0
DA:116,0
DA:117,0
DA:118,0
DA:123,0
DA:124,0
DA:128,0
DA:132,0
DA:133,0
DA:134,0
DA:138,0
DA:139,0
DA:140,0
DA:144,0
DA:147,0
DA:151,0
DA:155,0
DA:159,0
LF:30
LH:0
BRDA:96,0,0,0
BRDA:96,0,1,0
BRDA:116,1,0,0
BRDA:116,1,1,0
BRDA:117,2,0,0
BRDA:117,2,1,0
BRDA:118,3,0,0
BRDA:118,3,1,0
BRDA:128,4,0,0
BRDA:128,4,1,0
BRDA:132,5,0,0
BRDA:132,5,1,0
BRDA:138,6,0,0
BRDA:138,6,1,0
BRDA:147,7,0,0
BRDA:147,7,1,0
BRDA:151,8,0,0
BRDA:151,8,1,0
BRDA:155,9,0,0
BRDA:155,9,1,0
BRDA:159,10,0,0
BRDA:159,10,1,0
BRF:22
BRH:0
end_of_record
TN:
SF:/home/milos/Projekti/vue-node-app/frontend/src/views/languages/edit.vue
FN:33,data
FN:49,mounted
FN:63,getLanguage
FN:64,(anonymous_5)
FN:66,(anonymous_6)
FN:68,(anonymous_7)
FN:72,saveLanguage
FN:73,(anonymous_9)
FN:78,(anonymous_10)
FN:80,(anonymous_11)
FN:85,(anonymous_12)
FN:87,(anonymous_13)
FNF:12
FNH:0
FNDA:0,data
FNDA:0,mounted
FNDA:0,getLanguage
FNDA:0,(anonymous_5)
FNDA:0,(anonymous_6)
FNDA:0,(anonymous_7)
FNDA:0,saveLanguage
FNDA:0,(anonymous_9)
FNDA:0,(anonymous_10)
FNDA:0,(anonymous_11)
FNDA:0,(anonymous_12)
FNDA:0,(anonymous_13)
DA:34,0
DA:50,0
DA:51,0
DA:53,0
DA:59,0
DA:63,0
DA:64,0
DA:65,0
DA:67,0
DA:69,0
DA:72,0
DA:73,0
DA:74,0
DA:75,0
DA:77,0
DA:78,0
DA:79,0
DA:81,0
DA:85,0
DA:86,0
DA:88,0
LF:21
LH:0
BRDA:55,0,0,0
BRDA:55,0,1,0
BRDA:59,1,0,0
BRDA:59,1,1,0
BRDA:74,2,0,0
BRDA:74,2,1,0
BRDA:77,3,0,0
BRDA:77,3,1,0
BRF:8
BRH:0
end_of_record
TN:
SF:/home/milos/Projekti/vue-node-app/frontend/src/views/languages/list.vue
FN:85,data
FN:98,mounted
FN:107,getLanguages
FN:117,(anonymous_5)
FN:119,(anonymous_6)
FN:126,(anonymous_7)
FN:130,getLanguagesBySearch
FN:134,edit
FN:138,deleteLanguage
FN:139,(anonymous_11)
FN:142,(anonymous_12)
FNF:11
FNH:0
FNDA:0,data
FNDA:0,mounted
FNDA:0,getLanguages
FNDA:0,(anonymous_5)
FNDA:0,(anonymous_6)
FNDA:0,(anonymous_7)
FNDA:0,getLanguagesBySearch
FNDA:0,edit
FNDA:0,deleteLanguage
FNDA:0,(anonymous_11)
FNDA:0,(anonymous_12)
DA:86,0
DA:99,0
DA:103,0
DA:104,0
DA:107,0
DA:108,0
DA:113,0
DA:116,0
DA:117,0
DA:118,0
DA:120,0
DA:121,0
DA:122,0
DA:123,0
DA:124,0
DA:125,0
DA:127,0
DA:131,0
DA:132,0
DA:135,0
DA:136,0
DA:138,0
DA:139,0
DA:140,0
DA:141,0
DA:143,0
LF:26
LH:0
BRDA:113,0,0,0
BRDA:113,0,1,0
BRF:2
BRH:0
end_of_record
