TN:
SF:/home/andrija/develop/vue-node-app/frontend/src/app.vue
FN:24,header
FNF:1
FNH:0
FNDA:0,header
DA:25,0
LF:1
LH:0
BRF:0
BRH:0
end_of_record
TN:
SF:/home/andrija/develop/vue-node-app/frontend/src/utilities.js
FN:42,(anonymous_0)
FN:163,(anonymous_1)
FNF:2
FNH:0
FNDA:0,(anonymous_0)
FNDA:0,(anonymous_1)
DA:1,6
DA:9,1
DA:10,1
DA:12,1
DA:27,1
DA:28,0
DA:29,0
DA:31,0
DA:32,0
DA:33,0
DA:42,0
DA:49,1
DA:68,1
DA:69,1
DA:71,1
DA:72,1
DA:75,1
DA:76,1
DA:77,1
DA:78,1
DA:79,1
DA:81,1
DA:82,1
DA:83,1
DA:85,1
DA:86,1
DA:88,1
DA:89,1
DA:90,1
DA:91,0
DA:92,1
DA:93,0
DA:94,1
DA:95,0
DA:98,1
DA:99,1
DA:107,1
DA:108,1
DA:110,1
DA:111,1
DA:114,1
DA:117,1
DA:118,1
DA:119,1
DA:120,1
DA:121,1
DA:123,1
DA:124,0
DA:125,1
DA:126,0
DA:127,1
DA:128,0
DA:129,1
DA:130,0
DA:131,1
DA:132,0
DA:133,1
DA:134,0
DA:142,0
DA:143,0
DA:145,0
DA:153,0
DA:163,0
DA:164,0
DA:165,0
DA:167,0
DA:175,0
DA:176,0
LF:68
LH:43
BRDA:8,0,0,1
BRDA:9,1,0,1
BRDA:9,1,1,0
BRDA:12,2,0,0
BRDA:12,2,1,1
BRDA:27,3,0,0
BRDA:27,3,1,1
BRDA:27,4,0,1
BRDA:27,4,1,1
BRDA:28,5,0,0
BRDA:28,5,1,0
BRDA:31,6,0,0
BRDA:31,6,1,0
BRDA:66,7,0,1
BRDA:68,8,0,1
BRDA:68,8,1,0
BRDA:81,9,0,1
BRDA:81,9,1,0
BRDA:82,10,0,1
BRDA:82,10,1,0
BRDA:85,11,0,1
BRDA:85,11,1,0
BRDA:88,12,0,1
BRDA:88,12,1,0
BRDA:90,13,0,0
BRDA:90,13,1,1
BRDA:92,14,0,0
BRDA:92,14,1,1
BRDA:94,15,0,0
BRDA:94,15,1,1
BRDA:105,16,0,1
BRDA:107,17,0,1
BRDA:107,17,1,0
BRDA:110,18,0,1
BRDA:110,18,1,1
BRDA:111,19,0,1
BRDA:111,19,1,1
BRDA:123,20,0,0
BRDA:123,20,1,1
BRDA:125,21,0,0
BRDA:125,21,1,1
BRDA:127,22,0,0
BRDA:127,22,1,1
BRDA:129,23,0,0
BRDA:129,23,1,1
BRDA:131,24,0,0
BRDA:131,24,1,1
BRDA:133,25,0,0
BRDA:133,25,1,1
BRDA:142,26,0,0
BRDA:142,26,1,0
BRDA:162,27,0,0
BRDA:164,28,0,0
BRDA:164,28,1,0
BRF:54
BRH:27
end_of_record
TN:
SF:/home/andrija/develop/vue-node-app/frontend/src/components/Alert.vue
FN:23,data
FNF:1
FNH:1
FNDA:1,data
DA:24,1
LF:1
LH:1
BRF:0
BRH:0
end_of_record
TN:
SF:/home/andrija/develop/vue-node-app/frontend/src/components/HelloWorld.vue
FN:89,data
FNF:1
FNH:1
FNDA:1,data
DA:90,1
LF:1
LH:1
BRF:0
BRH:0
end_of_record
TN:
SF:/home/andrija/develop/vue-node-app/frontend/src/components/navigation.vue
FN:68,isCollapse
FN:72,data
FN:139,toggleCollapse
FN:142,selectMenu
FNF:4
FNH:0
FNDA:0,isCollapse
FNDA:0,data
FNDA:0,toggleCollapse
FNDA:0,selectMenu
DA:69,0
DA:73,0
DA:140,0
DA:144,0
DA:146,0
LF:5
LH:0
BRF:0
BRH:0
end_of_record
TN:
SF:/home/andrija/develop/vue-node-app/frontend/src/components/pagination.vue
FN:37,changePage
FN:41,changeLimit
FN:49,decreaseTotal
FN:53,calcPage
FN:58,update
FNF:5
FNH:5
FNDA:1,changePage
FNDA:3,changeLimit
FNDA:2,decreaseTotal
FNDA:8,calcPage
FNDA:6,update
DA:38,1
DA:39,1
DA:42,3
DA:43,4
DA:46,3
DA:47,3
DA:50,2
DA:51,2
DA:54,8
DA:55,9
DA:59,6
DA:60,6
LF:12
LH:12
BRDA:42,0,0,1
BRDA:42,0,1,2
BRDA:43,1,0,1
BRDA:43,1,1,2
BRDA:54,2,0,8
BRDA:54,2,1,1
BRDA:55,3,0,1
BRDA:55,3,1,7
BRF:8
BRH:8
end_of_record
TN:
SF:/home/andrija/develop/vue-node-app/frontend/src/components/search-box.vue
FN:12,emit
FNF:1
FNH:1
FNDA:1,emit
DA:13,1
LF:1
LH:1
BRF:0
BRH:0
end_of_record
TN:
SF:/home/andrija/develop/vue-node-app/frontend/src/components/headers/edit.vue
FN:19,header
FN:24,goBack
FN:30,save
FNF:3
FNH:0
FNDA:0,header
FNDA:0,goBack
FNDA:0,save
DA:20,0
DA:25,0
DA:31,0
LF:3
LH:0
BRDA:25,0,0,0
BRDA:25,0,1,0
BRDA:31,1,0,0
BRDA:31,1,1,0
BRF:4
BRH:0
end_of_record
TN:
SF:/home/andrija/develop/vue-node-app/frontend/src/components/headers/main.vue
FN:16,header
FN:21,logout
FNF:2
FNH:0
FNDA:0,header
FNDA:0,logout
DA:17,0
DA:22,0
DA:23,0
DA:24,0
LF:4
LH:0
BRF:0
BRH:0
end_of_record
TN:
SF:/home/andrija/develop/vue-node-app/frontend/src/store/actions.js
FN:1,(anonymous_0)
FN:5,(anonymous_1)
FN:6,(anonymous_2)
FNF:3
FNH:0
FNDA:0,(anonymous_0)
FNDA:0,(anonymous_1)
FNDA:0,(anonymous_2)
DA:1,2
DA:2,0
DA:5,2
DA:6,0
DA:7,0
DA:8,0
DA:9,0
DA:10,0
LF:8
LH:2
BRDA:8,0,0,0
BRDA:8,0,1,0
BRF:2
BRH:0
end_of_record
TN:
SF:/home/andrija/develop/vue-node-app/frontend/src/store/getters.js
FN:1,(anonymous_0)
FN:2,(anonymous_1)
FN:3,(anonymous_2)
FN:4,(anonymous_3)
FNF:4
FNH:2
FNDA:0,(anonymous_0)
FNDA:0,(anonymous_1)
FNDA:1,(anonymous_2)
FNDA:1,(anonymous_3)
DA:1,2
DA:2,2
DA:3,2
DA:4,2
LF:4
LH:4
BRF:0
BRH:0
end_of_record
TN:
SF:/home/andrija/develop/vue-node-app/frontend/src/store/index.js
FN:24,(anonymous_0)
FNF:1
FNH:1
FNDA:7,(anonymous_0)
DA:12,2
DA:14,2
DA:24,2
DA:26,7
DA:29,7
LF:5
LH:5
BRF:0
BRH:0
end_of_record
TN:
SF:/home/andrija/develop/vue-node-app/frontend/src/store/mutations.js
FN:1,(anonymous_0)
FN:5,(anonymous_1)
FN:9,(anonymous_2)
FN:13,(anonymous_3)
FN:17,(anonymous_4)
FN:21,(anonymous_5)
FN:25,(anonymous_6)
FN:29,(anonymous_7)
FN:33,(anonymous_8)
FN:40,(anonymous_9)
FN:44,(anonymous_10)
FNF:11
FNH:4
FNDA:0,(anonymous_0)
FNDA:0,(anonymous_1)
FNDA:0,(anonymous_2)
FNDA:2,(anonymous_3)
FNDA:0,(anonymous_4)
FNDA:1,(anonymous_5)
FNDA:1,(anonymous_6)
FNDA:0,(anonymous_7)
FNDA:1,(anonymous_8)
FNDA:0,(anonymous_9)
FNDA:0,(anonymous_10)
DA:1,2
DA:2,0
DA:5,2
DA:6,0
DA:9,2
DA:10,0
DA:13,2
DA:14,2
DA:17,2
DA:18,0
DA:21,2
DA:22,1
DA:25,2
DA:26,1
DA:29,2
DA:30,0
DA:33,2
DA:34,1
DA:35,1
DA:36,1
DA:37,1
DA:40,2
DA:41,0
DA:44,2
DA:45,0
LF:25
LH:18
BRDA:36,0,0,1
BRDA:36,0,1,0
BRF:2
BRH:1
end_of_record
TN:
SF:/home/andrija/develop/vue-node-app/frontend/src/store/state.js
FNF:0
FNH:0
DA:3,2
DA:5,2
DA:21,2
DA:22,2
DA:24,2
DA:25,2
DA:27,2
DA:28,2
LF:8
LH:8
BRDA:22,0,0,0
BRDA:22,0,1,2
BRDA:25,1,0,0
BRDA:25,1,1,2
BRF:4
BRH:2
end_of_record
TN:
SF:/home/andrija/develop/vue-node-app/frontend/src/store/modules/header.js
FN:12,(anonymous_0)
FN:16,(anonymous_1)
FN:30,(anonymous_2)
FNF:3
FNH:2
FNDA:0,(anonymous_0)
FNDA:2,(anonymous_1)
FNDA:2,(anonymous_2)
DA:1,2
DA:7,2
DA:11,2
DA:12,0
DA:15,2
DA:17,2
DA:18,8
DA:19,5
DA:21,3
DA:27,2
DA:29,2
DA:31,2
DA:32,2
LF:13
LH:12
BRDA:18,0,0,5
BRDA:18,0,1,3
BRF:2
BRH:2
end_of_record
TN:
SF:/home/andrija/develop/vue-node-app/frontend/src/views/dashboard.vue
FN:22,mounted
FN:30,toggleMenu
FN:33,changeToken
FN:38,userMe
FN:39,(anonymous_6)
FNF:5
FNH:0
FNDA:0,mounted
FNDA:0,toggleMenu
FNDA:0,changeToken
FNDA:0,userMe
FNDA:0,(anonymous_6)
DA:23,0
DA:31,0
DA:34,0
DA:35,0
DA:36,0
DA:39,0
DA:40,0
LF:7
LH:0
BRF:0
BRH:0
end_of_record
TN:
SF:/home/andrija/develop/vue-node-app/frontend/src/views/signin.vue
FN:30,data
FN:42,mounted
FN:48,login
FN:49,(anonymous_5)
FN:51,(anonymous_6)
FNF:5
FNH:0
FNDA:0,data
FNDA:0,mounted
FNDA:0,login
FNDA:0,(anonymous_5)
FNDA:0,(anonymous_6)
DA:26,0
DA:31,0
DA:43,0
DA:48,0
DA:49,0
DA:50,0
DA:51,0
DA:52,0
LF:8
LH:0
BRDA:50,0,0,0
BRDA:50,0,1,0
BRF:2
BRH:0
end_of_record
TN:
SF:/home/andrija/develop/vue-node-app/frontend/src/views/countries/edit.vue
FN:50,data
FN:70,mounted
FN:84,getCountry
FN:85,(anonymous_5)
FN:87,(anonymous_6)
FN:89,(anonymous_7)
FN:93,saveCountry
FN:94,(anonymous_9)
FN:99,(anonymous_10)
FN:102,(anonymous_11)
FN:107,(anonymous_12)
FN:110,(anonymous_13)
FNF:12
FNH:0
FNDA:0,data
FNDA:0,mounted
FNDA:0,getCountry
FNDA:0,(anonymous_5)
FNDA:0,(anonymous_6)
FNDA:0,(anonymous_7)
FNDA:0,saveCountry
FNDA:0,(anonymous_9)
FNDA:0,(anonymous_10)
FNDA:0,(anonymous_11)
FNDA:0,(anonymous_12)
FNDA:0,(anonymous_13)
DA:51,0
DA:71,0
DA:72,0
DA:74,0
DA:80,0
DA:84,0
DA:85,0
DA:86,0
DA:88,0
DA:90,0
DA:93,0
DA:94,0
DA:95,0
DA:96,0
DA:98,0
DA:99,0
DA:100,0
DA:101,0
DA:103,0
DA:107,0
DA:108,0
DA:109,0
DA:111,0
LF:23
LH:0
BRDA:76,0,0,0
BRDA:76,0,1,0
BRDA:80,1,0,0
BRDA:80,1,1,0
BRDA:95,2,0,0
BRDA:95,2,1,0
BRDA:98,3,0,0
BRDA:98,3,1,0
BRF:8
BRH:0
end_of_record
TN:
SF:/home/andrija/develop/vue-node-app/frontend/src/views/countries/list.vue
FN:106,data
FN:119,mounted
FN:128,getCountries
FN:138,(anonymous_5)
FN:140,(anonymous_6)
FN:147,(anonymous_7)
FN:151,getCountriesBySearch
FN:155,edit
FN:159,deleteCountry
FN:160,(anonymous_11)
FN:163,(anonymous_12)
FNF:11
FNH:0
FNDA:0,data
FNDA:0,mounted
FNDA:0,getCountries
FNDA:0,(anonymous_5)
FNDA:0,(anonymous_6)
FNDA:0,(anonymous_7)
FNDA:0,getCountriesBySearch
FNDA:0,edit
FNDA:0,deleteCountry
FNDA:0,(anonymous_11)
FNDA:0,(anonymous_12)
DA:107,0
DA:120,0
DA:124,0
DA:125,0
DA:128,0
DA:129,0
DA:134,0
DA:137,0
DA:138,0
DA:139,0
DA:141,0
DA:142,0
DA:143,0
DA:144,0
DA:145,0
DA:146,0
DA:148,0
DA:152,0
DA:153,0
DA:156,0
DA:157,0
DA:159,0
DA:160,0
DA:161,0
DA:162,0
DA:164,0
LF:26
LH:0
BRDA:134,0,0,0
BRDA:134,0,1,0
BRF:2
BRH:0
end_of_record
TN:
SF:/home/andrija/develop/vue-node-app/frontend/src/views/image-cropper/cropper.vue
FN:77,data
FN:98,mounted
FN:105,chooseImage
FN:108,openImage
FN:114,(anonymous_6)
FN:130,resetCropper
FN:141,changeAspectRatio
FN:145,flipHorizontal
FN:151,flipVertical
FN:157,scale
FN:160,zoomIn
FN:164,zoomOut
FN:168,rotateLeft
FN:172,rotateRight
FN:176,previewImage
FN:181,uploadImage
FN:182,(anonymous_18)
FN:185,(anonymous_19)
FN:187,(anonymous_20)
FNF:19
FNH:0
FNDA:0,data
FNDA:0,mounted
FNDA:0,chooseImage
FNDA:0,openImage
FNDA:0,(anonymous_6)
FNDA:0,resetCropper
FNDA:0,changeAspectRatio
FNDA:0,flipHorizontal
FNDA:0,flipVertical
FNDA:0,scale
FNDA:0,zoomIn
FNDA:0,zoomOut
FNDA:0,rotateLeft
FNDA:0,rotateRight
FNDA:0,previewImage
FNDA:0,uploadImage
FNDA:0,(anonymous_18)
FNDA:0,(anonymous_19)
FNDA:0,(anonymous_20)
DA:73,0
DA:78,0
DA:99,0
DA:106,0
DA:108,0
DA:109,0
DA:110,0
DA:111,0
DA:112,0
DA:114,0
DA:115,0
DA:116,0
DA:118,0
DA:127,0
DA:130,0
DA:131,0
DA:132,0
DA:137,0
DA:138,0
DA:142,0
DA:146,0
DA:147,0
DA:148,0
DA:152,0
DA:153,0
DA:154,0
DA:158,0
DA:161,0
DA:165,0
DA:169,0
DA:173,0
DA:177,0
DA:178,0
DA:179,0
DA:181,0
DA:182,0
DA:183,0
DA:184,0
DA:185,0
DA:186,0
DA:188,0
LF:41
LH:0
BRDA:109,0,0,0
BRDA:109,0,1,0
BRDA:130,1,0,0
BRDA:130,1,1,0
BRDA:131,2,0,0
BRDA:131,2,1,0
BRDA:132,3,0,0
BRDA:132,3,1,0
BRDA:142,4,0,0
BRDA:142,4,1,0
BRDA:146,5,0,0
BRDA:146,5,1,0
BRDA:152,6,0,0
BRDA:152,6,1,0
BRDA:161,7,0,0
BRDA:161,7,1,0
BRDA:165,8,0,0
BRDA:165,8,1,0
BRDA:169,9,0,0
BRDA:169,9,1,0
BRDA:173,10,0,0
BRDA:173,10,1,0
BRF:22
BRH:0
end_of_record
TN:
SF:/home/andrija/develop/vue-node-app/frontend/src/views/languages/edit.vue
FN:33,data
FN:50,title
FN:57,mounted
FN:70,getLanguage
FN:72,(anonymous_6)
FN:74,(anonymous_7)
FN:76,(anonymous_8)
FN:81,saveLanguage
FN:82,(anonymous_10)
FN:86,(anonymous_11)
FN:89,(anonymous_12)
FN:94,(anonymous_13)
FN:97,(anonymous_14)
FN:101,(anonymous_15)
FNF:14
FNH:14
FNDA:1,data
FNDA:3,title
FNDA:1,mounted
FNDA:3,getLanguage
FNDA:1,(anonymous_6)
FNDA:1,(anonymous_7)
FNDA:1,(anonymous_8)
FNDA:5,saveLanguage
FNDA:4,(anonymous_10)
FNDA:1,(anonymous_11)
FNDA:1,(anonymous_12)
FNDA:1,(anonymous_13)
FNDA:1,(anonymous_14)
FNDA:1,(anonymous_15)
DA:34,1
DA:51,6
DA:58,1
DA:59,1
DA:61,1
DA:67,1
DA:70,3
DA:71,3
DA:72,2
DA:73,1
DA:75,1
DA:77,1
DA:81,5
DA:82,5
DA:83,4
DA:85,4
DA:86,2
DA:87,1
DA:88,1
DA:90,1
DA:94,2
DA:95,1
DA:96,1
DA:98,1
DA:102,1
LF:25
LH:25
BRDA:51,0,0,1
BRDA:51,0,1,2
BRDA:71,1,0,2
BRDA:71,1,1,1
BRDA:85,2,0,2
BRDA:85,2,1,2
BRF:6
BRH:6
end_of_record
TN:
SF:/home/andrija/develop/vue-node-app/frontend/src/views/languages/list.vue
FN:85,data
FN:98,mounted
FN:107,getLanguages
FN:117,(anonymous_5)
FN:119,(anonymous_6)
FN:126,(anonymous_7)
FN:130,getLanguagesBySearch
FN:134,edit
FN:138,deleteLanguage
FN:139,(anonymous_11)
FN:142,(anonymous_12)
FNF:11
FNH:11
FNDA:1,data
FNDA:1,mounted
FNDA:4,getLanguages
FNDA:1,(anonymous_5)
FNDA:1,(anonymous_6)
FNDA:3,(anonymous_7)
FNDA:1,getLanguagesBySearch
FNDA:1,edit
FNDA:2,deleteLanguage
FNDA:1,(anonymous_11)
FNDA:1,(anonymous_12)
DA:86,1
DA:99,1
DA:103,1
DA:104,1
DA:107,4
DA:108,4
DA:113,6
DA:116,4
DA:117,4
DA:118,1
DA:120,1
DA:121,1
DA:122,1
DA:123,1
DA:124,1
DA:125,1
DA:127,3
DA:131,1
DA:132,1
DA:135,1
DA:136,1
DA:138,2
DA:139,2
DA:140,1
DA:141,1
DA:143,1
LF:26
LH:26
BRDA:113,0,0,2
BRDA:113,0,1,2
BRF:2
BRH:2
end_of_record
